affects branch 2.15.x



[INFO] [INFO] --- maven-compiler-plugin:2.5.1:testCompile (default-testCompile) @ camel-scr-example ---

[INFO] [INFO] Compiling 1 source file to /Users/tdiesler/git/camel/tooling/archetypes/camel-archetype-scr/target/test-classes/projects/camel-scr-example/project/camel-scr-example/target/test-classes

[INFO] [INFO] -------------------------------------------------------------

[INFO] [ERROR] COMPILATION ERROR : 

[INFO] [INFO] -------------------------------------------------------------

[INFO] [ERROR] /Users/tdiesler/git/camel/tooling/archetypes/camel-archetype-scr/target/test-classes/projects/camel-scr-example/project/camel-scr-example/src/test/java/example/CamelScrExampleTest.java:[44,40] error: incompatible types: CamelContext cannot be converted to ModelCamelContext

[INFO] [INFO] 1 error

[INFO] [INFO] -------------------------------------------------------------

[INFO] [INFO] ------------------------------------------------------------------------

[INFO] [INFO] BUILD FAILURE

[INFO] [INFO] ------------------------------------------------------------------------

[INFO] [INFO] Total time: 2.409 s

[INFO] [INFO] Finished at: 2015-09-09T15:19:20+02:00

[INFO] [INFO] Final Memory: 22M/243M

[INFO] [INFO] ------------------------------------------------------------------------


