TODO:

- [x] Rewrite error of derived alias (#6643)
- [x] Incompatible with sql_mode=only_full_group_by when test with MySQL 5.7.x or above.
- [x] SELECT DISTINCT test cases error (#6658)

## Bug Report

**For English only**, other languages will not accept.

Before report a bug, make sure you have:

- Searched open and closed [GitHub issues](https://github.com/apache/shardingsphere/issues).
- Read documentation: [ShardingSphere Doc](https://shardingsphere.apache.org/document/current/en/overview).

Please pay attention on issues you submitted, because we maybe need more details. 
If no response anymore and we cannot reproduce it on current information, we will **close it**.

Please answer these questions before submitting your issue. Thanks!

### Which version of ShardingSphere did you use?
built from master branch

### Which project did you use? ShardingSphere-JDBC or ShardingSphere-Proxy?
ShardingSphere-JDBC

### Expected behavior
Integration test using MySQL instead of H2. Expect all test cases pass.

### Actual behavior
There're several DQL cases failed.

### Reason analyze (If you can)

### Steps to reproduce the behavior, such as: SQL to execute, sharding rule configuration, when exception occur etc.

1. env.properties:
databases=MySQL

2. mysql.host: 127.0.0.1 (suppose your MySQL is on localhost)

3. mvn clean install

### Example codes for reproduce this issue (such as a github link).

```
[INFO] Running org.apache.shardingsphere.dbtest.engine.dql.GeneralDQLIT
[INFO] ======= Test Plan =======
[WARN] Total: 6752, Active: MySQL(1664), Disabled: H2(1312), Oracle(1232), SQLServer(1216), PostgreSQL(1328) 
[ERROR] SQL::SELECT DISTINCT item_id FROM t_order_item, Parameter::[null], Expect::select_distinct_with_single_column_without_order_by.xml
[ERROR] SQL::SELECT DISTINCT item_id FROM t_order_item, Parameter::[null], Expect::select_distinct_with_single_column_without_order_by.xml
[ERROR] SQL::SELECT DISTINCT item_id FROM t_order_item, Parameter::[null], Expect::select_distinct_with_single_column_without_order_by.xml
[ERROR] SQL::SELECT DISTINCT item_id FROM t_order_item, Parameter::[null], Expect::select_distinct_with_single_column_without_order_by.xml
[ERROR] SQL::SELECT DISTINCT order_id, user_id, status FROM t_order, Parameter::[null], Expect::select_distinct_with_multi_column_without_order_by.xml
[ERROR] SQL::SELECT DISTINCT order_id, user_id, status FROM t_order, Parameter::[null], Expect::select_distinct_with_multi_column_without_order_by.xml
[ERROR] SQL::SELECT DISTINCT order_id, user_id, status FROM t_order, Parameter::[null], Expect::select_distinct_with_multi_column_without_order_by.xml
[ERROR] SQL::SELECT DISTINCT order_id, user_id, status FROM t_order, Parameter::[null], Expect::select_distinct_with_multi_column_without_order_by.xml
[ERROR] SQL::SELECT AVG(DISTINCT order_id) FROM t_order WHERE order_id < 1100, Parameter::[null], Expect::select_distinct_with_avg.xml
[ERROR] SQL::SELECT AVG(DISTINCT order_id) FROM t_order WHERE order_id < 1100, Parameter::[null], Expect::select_distinct_with_avg.xml
[ERROR] SQL::SELECT AVG(DISTINCT order_id) FROM t_order WHERE order_id < 1100, Parameter::[null], Expect::select_distinct_with_avg.xml
[ERROR] SQL::SELECT AVG(DISTINCT order_id) FROM t_order WHERE order_id < 1100, Parameter::[null], Expect::select_distinct_with_avg.xml
[ERROR] SQL::SELECT AVG(DISTINCT order_id) FROM t_order WHERE order_id < 1100, Parameter::[null], Expect::select_distinct_with_avg.xml
[ERROR] SQL::SELECT AVG(DISTINCT order_id) FROM t_order WHERE order_id < 1100, Parameter::[null], Expect::select_distinct_with_avg.xml
[ERROR] SQL::SELECT AVG(DISTINCT order_id) FROM t_order WHERE order_id < 1100, Parameter::[null], Expect::select_distinct_with_avg.xml
[ERROR] SQL::SELECT AVG(DISTINCT order_id) FROM t_order WHERE order_id < 1100, Parameter::[null], Expect::select_distinct_with_avg.xml
[ERROR] SQL::SELECT AVG(DISTINCT order_id) FROM t_order WHERE order_id < 1100, Parameter::[null], Expect::select_distinct_with_avg.xml
[ERROR] SQL::SELECT AVG(DISTINCT order_id) FROM t_order WHERE order_id < 1100, Parameter::[null], Expect::select_distinct_with_avg.xml
[ERROR] SQL::SELECT AVG(DISTINCT order_id) FROM t_order WHERE order_id < 1100, Parameter::[null], Expect::select_distinct_with_avg.xml
[ERROR] SQL::SELECT AVG(DISTINCT order_id) FROM t_order WHERE order_id < 1100, Parameter::[null], Expect::select_distinct_with_avg.xml
[ERROR] Tests run: 1664, Failures: 20, Errors: 28, Skipped: 0, Time elapsed: 472.36 s <<< FAILURE! - in org.apache.shardingsphere.dbtest.engine.dql.GeneralDQLIT
[ERROR] assertExecuteQuery[db -> MySQL -> Literal -> select_group_by_with_keyword_alias.xml -> SELECT SUM(order_id) AS orders_sum, user_id as `key` FROM t_order GROUP BY `key`](org.apache.shardingsphere.dbtest.engine.dql.GeneralDQLIT)  Time elapsed: 0.004 s  <<< ERROR!
com.mysql.jdbc.exceptions.jdbc4.MySQLSyntaxErrorException: Unknown column 'key' in 'field list'
	at org.apache.shardingsphere.dbtest.engine.dql.GeneralDQLIT.assertExecuteQueryForStatement(GeneralDQLIT.java:70)
	at org.apache.shardingsphere.dbtest.engine.dql.GeneralDQLIT.assertExecuteQuery(GeneralDQLIT.java:60)
[ERROR] assertExecute[db -> MySQL -> Literal -> select_group_by_with_keyword_alias.xml -> SELECT SUM(order_id) AS orders_sum, user_id as `key` FROM t_order GROUP BY `key`](org.apache.shardingsphere.dbtest.engine.dql.GeneralDQLIT)  Time elapsed: 0.004 s  <<< ERROR!
com.mysql.jdbc.exceptions.jdbc4.MySQLSyntaxErrorException: Unknown column 'key' in 'field list'
	at org.apache.shardingsphere.dbtest.engine.dql.GeneralDQLIT.assertExecuteForStatement(GeneralDQLIT.java:99)
	at org.apache.shardingsphere.dbtest.engine.dql.GeneralDQLIT.assertExecute(GeneralDQLIT.java:90)
[ERROR] assertExecuteQuery[tbl -> MySQL -> Literal -> select_group_by_with_keyword_alias.xml -> SELECT SUM(order_id) AS orders_sum, user_id as `key` FROM t_order GROUP BY `key`](org.apache.shardingsphere.dbtest.engine.dql.GeneralDQLIT)  Time elapsed: 0.001 s  <<< ERROR!
com.mysql.jdbc.exceptions.jdbc4.MySQLSyntaxErrorException: Unknown column 'key' in 'field list'
	at org.apache.shardingsphere.dbtest.engine.dql.GeneralDQLIT.assertExecuteQueryForStatement(GeneralDQLIT.java:70)
	at org.apache.shardingsphere.dbtest.engine.dql.GeneralDQLIT.assertExecuteQuery(GeneralDQLIT.java:60)
[ERROR] assertExecute[tbl -> MySQL -> Literal -> select_group_by_with_keyword_alias.xml -> SELECT SUM(order_id) AS orders_sum, user_id as `key` FROM t_order GROUP BY `key`](org.apache.shardingsphere.dbtest.engine.dql.GeneralDQLIT)  Time elapsed: 0.001 s  <<< ERROR!
com.mysql.jdbc.exceptions.jdbc4.MySQLSyntaxErrorException: Unknown column 'key' in 'field list'
	at org.apache.shardingsphere.dbtest.engine.dql.GeneralDQLIT.assertExecuteForStatement(GeneralDQLIT.java:99)
	at org.apache.shardingsphere.dbtest.engine.dql.GeneralDQLIT.assertExecute(GeneralDQLIT.java:90)
[ERROR] assertExecuteQuery[dbtbl_with_masterslave -> MySQL -> Literal -> select_group_by_with_keyword_alias.xml -> SELECT SUM(order_id) AS orders_sum, user_id as `key` FROM t_order GROUP BY `key`](org.apache.shardingsphere.dbtest.engine.dql.GeneralDQLIT)  Time elapsed: 0.006 s  <<< ERROR!
com.mysql.jdbc.exceptions.jdbc4.MySQLSyntaxErrorException: Unknown column 'key' in 'field list'
	at org.apache.shardingsphere.dbtest.engine.dql.GeneralDQLIT.assertExecuteQueryForStatement(GeneralDQLIT.java:70)
	at org.apache.shardingsphere.dbtest.engine.dql.GeneralDQLIT.assertExecuteQuery(GeneralDQLIT.java:60)
[ERROR] assertExecute[dbtbl_with_masterslave -> MySQL -> Literal -> select_group_by_with_keyword_alias.xml -> SELECT SUM(order_id) AS orders_sum, user_id as `key` FROM t_order GROUP BY `key`](org.apache.shardingsphere.dbtest.engine.dql.GeneralDQLIT)  Time elapsed: 0.004 s  <<< ERROR!
com.mysql.jdbc.exceptions.jdbc4.MySQLSyntaxErrorException: Unknown column 'key' in 'field list'
	at org.apache.shardingsphere.dbtest.engine.dql.GeneralDQLIT.assertExecuteForStatement(GeneralDQLIT.java:99)
	at org.apache.shardingsphere.dbtest.engine.dql.GeneralDQLIT.assertExecute(GeneralDQLIT.java:90)
[ERROR] assertExecuteQuery[db -> MySQL -> Placeholder -> select_group_by_with_keyword_alias.xml -> SELECT SUM(order_id) AS orders_sum, user_id as `key` FROM t_order GROUP BY `key`](org.apache.shardingsphere.dbtest.engine.dql.GeneralDQLIT)  Time elapsed: 0.004 s  <<< ERROR!
com.mysql.jdbc.exceptions.jdbc4.MySQLSyntaxErrorException: Unknown column 'key' in 'field list'
	at org.apache.shardingsphere.dbtest.engine.dql.GeneralDQLIT.assertExecuteQueryForPreparedStatement(GeneralDQLIT.java:80)
	at org.apache.shardingsphere.dbtest.engine.dql.GeneralDQLIT.assertExecuteQuery(GeneralDQLIT.java:62)
[ERROR] assertExecute[db -> MySQL -> Placeholder -> select_group_by_with_keyword_alias.xml -> SELECT SUM(order_id) AS orders_sum, user_id as `key` FROM t_order GROUP BY `key`](org.apache.shardingsphere.dbtest.engine.dql.GeneralDQLIT)  Time elapsed: 0.004 s  <<< ERROR!
com.mysql.jdbc.exceptions.jdbc4.MySQLSyntaxErrorException: Unknown column 'key' in 'field list'
	at org.apache.shardingsphere.dbtest.engine.dql.GeneralDQLIT.assertExecuteForPreparedStatement(GeneralDQLIT.java:111)
	at org.apache.shardingsphere.dbtest.engine.dql.GeneralDQLIT.assertExecute(GeneralDQLIT.java:92)
[ERROR] assertExecuteQuery[tbl -> MySQL -> Placeholder -> select_group_by_with_keyword_alias.xml -> SELECT SUM(order_id) AS orders_sum, user_id as `key` FROM t_order GROUP BY `key`](org.apache.shardingsphere.dbtest.engine.dql.GeneralDQLIT)  Time elapsed: 0.002 s  <<< ERROR!
com.mysql.jdbc.exceptions.jdbc4.MySQLSyntaxErrorException: Unknown column 'key' in 'field list'
	at org.apache.shardingsphere.dbtest.engine.dql.GeneralDQLIT.assertExecuteQueryForPreparedStatement(GeneralDQLIT.java:80)
	at org.apache.shardingsphere.dbtest.engine.dql.GeneralDQLIT.assertExecuteQuery(GeneralDQLIT.java:62)
[ERROR] assertExecute[tbl -> MySQL -> Placeholder -> select_group_by_with_keyword_alias.xml -> SELECT SUM(order_id) AS orders_sum, user_id as `key` FROM t_order GROUP BY `key`](org.apache.shardingsphere.dbtest.engine.dql.GeneralDQLIT)  Time elapsed: 0.002 s  <<< ERROR!
com.mysql.jdbc.exceptions.jdbc4.MySQLSyntaxErrorException: Unknown column 'key' in 'field list'
	at org.apache.shardingsphere.dbtest.engine.dql.GeneralDQLIT.assertExecuteForPreparedStatement(GeneralDQLIT.java:111)
	at org.apache.shardingsphere.dbtest.engine.dql.GeneralDQLIT.assertExecute(GeneralDQLIT.java:92)
[ERROR] assertExecuteQuery[dbtbl_with_masterslave -> MySQL -> Placeholder -> select_group_by_with_keyword_alias.xml -> SELECT SUM(order_id) AS orders_sum, user_id as `key` FROM t_order GROUP BY `key`](org.apache.shardingsphere.dbtest.engine.dql.GeneralDQLIT)  Time elapsed: 0.004 s  <<< ERROR!
com.mysql.jdbc.exceptions.jdbc4.MySQLSyntaxErrorException: Unknown column 'key' in 'field list'
	at org.apache.shardingsphere.dbtest.engine.dql.GeneralDQLIT.assertExecuteQueryForPreparedStatement(GeneralDQLIT.java:80)
	at org.apache.shardingsphere.dbtest.engine.dql.GeneralDQLIT.assertExecuteQuery(GeneralDQLIT.java:62)
[ERROR] assertExecute[dbtbl_with_masterslave -> MySQL -> Placeholder -> select_group_by_with_keyword_alias.xml -> SELECT SUM(order_id) AS orders_sum, user_id as `key` FROM t_order GROUP BY `key`](org.apache.shardingsphere.dbtest.engine.dql.GeneralDQLIT)  Time elapsed: 0.005 s  <<< ERROR!
com.mysql.jdbc.exceptions.jdbc4.MySQLSyntaxErrorException: Unknown column 'key' in 'field list'
	at org.apache.shardingsphere.dbtest.engine.dql.GeneralDQLIT.assertExecuteForPreparedStatement(GeneralDQLIT.java:111)
	at org.apache.shardingsphere.dbtest.engine.dql.GeneralDQLIT.assertExecute(GeneralDQLIT.java:92)
[ERROR] assertExecuteQuery[db -> MySQL -> Literal -> select_pagination_with_diff_group_by_and_order_by.xml -> SELECT i.user_id FROM t_order o JOIN t_order_item i ON o.user_id = i.user_id AND o.order_id = i.order_id WHERE o.user_id IN (?, ?) AND o.order_id BETWEEN ? AND ? GROUP BY i.user_id ORDER BY i.item_id DESC LIMIT ?, ?](org.apache.shardingsphere.dbtest.engine.dql.GeneralDQLIT)  Time elapsed: 0.002 s  <<< ERROR!
com.mysql.jdbc.exceptions.jdbc4.MySQLSyntaxErrorException: Expression #2 of SELECT list is not in GROUP BY clause and contains nonaggregated column 'db_0.i.item_id' which is not functionally dependent on columns in GROUP BY clause; this is incompatible with sql_mode=only_full_group_by
	at org.apache.shardingsphere.dbtest.engine.dql.GeneralDQLIT.assertExecuteQueryForStatement(GeneralDQLIT.java:70)
	at org.apache.shardingsphere.dbtest.engine.dql.GeneralDQLIT.assertExecuteQuery(GeneralDQLIT.java:60)
[ERROR] assertExecute[db -> MySQL -> Literal -> select_pagination_with_diff_group_by_and_order_by.xml -> SELECT i.user_id FROM t_order o JOIN t_order_item i ON o.user_id = i.user_id AND o.order_id = i.order_id WHERE o.user_id IN (?, ?) AND o.order_id BETWEEN ? AND ? GROUP BY i.user_id ORDER BY i.item_id DESC LIMIT ?, ?](org.apache.shardingsphere.dbtest.engine.dql.GeneralDQLIT)  Time elapsed: 0.002 s  <<< ERROR!
com.mysql.jdbc.exceptions.jdbc4.MySQLSyntaxErrorException: Expression #2 of SELECT list is not in GROUP BY clause and contains nonaggregated column 'db_0.i.item_id' which is not functionally dependent on columns in GROUP BY clause; this is incompatible with sql_mode=only_full_group_by
	at org.apache.shardingsphere.dbtest.engine.dql.GeneralDQLIT.assertExecuteForStatement(GeneralDQLIT.java:99)
	at org.apache.shardingsphere.dbtest.engine.dql.GeneralDQLIT.assertExecute(GeneralDQLIT.java:90)
[ERROR] assertExecuteQuery[tbl -> MySQL -> Literal -> select_pagination_with_diff_group_by_and_order_by.xml -> SELECT i.user_id FROM t_order o JOIN t_order_item i ON o.user_id = i.user_id AND o.order_id = i.order_id WHERE o.user_id IN (?, ?) AND o.order_id BETWEEN ? AND ? GROUP BY i.user_id ORDER BY i.item_id DESC LIMIT ?, ?](org.apache.shardingsphere.dbtest.engine.dql.GeneralDQLIT)  Time elapsed: 0.003 s  <<< ERROR!
com.mysql.jdbc.exceptions.jdbc4.MySQLSyntaxErrorException: Expression #2 of SELECT list is not in GROUP BY clause and contains nonaggregated column 'tbl.i.item_id' which is not functionally dependent on columns in GROUP BY clause; this is incompatible with sql_mode=only_full_group_by
	at org.apache.shardingsphere.dbtest.engine.dql.GeneralDQLIT.assertExecuteQueryForStatement(GeneralDQLIT.java:70)
	at org.apache.shardingsphere.dbtest.engine.dql.GeneralDQLIT.assertExecuteQuery(GeneralDQLIT.java:60)
[ERROR] assertExecute[tbl -> MySQL -> Literal -> select_pagination_with_diff_group_by_and_order_by.xml -> SELECT i.user_id FROM t_order o JOIN t_order_item i ON o.user_id = i.user_id AND o.order_id = i.order_id WHERE o.user_id IN (?, ?) AND o.order_id BETWEEN ? AND ? GROUP BY i.user_id ORDER BY i.item_id DESC LIMIT ?, ?](org.apache.shardingsphere.dbtest.engine.dql.GeneralDQLIT)  Time elapsed: 0.002 s  <<< ERROR!
com.mysql.jdbc.exceptions.jdbc4.MySQLSyntaxErrorException: Expression #2 of SELECT list is not in GROUP BY clause and contains nonaggregated column 'tbl.i.item_id' which is not functionally dependent on columns in GROUP BY clause; this is incompatible with sql_mode=only_full_group_by
	at org.apache.shardingsphere.dbtest.engine.dql.GeneralDQLIT.assertExecuteForStatement(GeneralDQLIT.java:99)
	at org.apache.shardingsphere.dbtest.engine.dql.GeneralDQLIT.assertExecute(GeneralDQLIT.java:90)
[ERROR] assertExecuteQuery[dbtbl_with_masterslave -> MySQL -> Literal -> select_pagination_with_diff_group_by_and_order_by.xml -> SELECT i.user_id FROM t_order o JOIN t_order_item i ON o.user_id = i.user_id AND o.order_id = i.order_id WHERE o.user_id IN (?, ?) AND o.order_id BETWEEN ? AND ? GROUP BY i.user_id ORDER BY i.item_id DESC LIMIT ?, ?](org.apache.shardingsphere.dbtest.engine.dql.GeneralDQLIT)  Time elapsed: 0.003 s  <<< ERROR!
com.mysql.jdbc.exceptions.jdbc4.MySQLSyntaxErrorException: Expression #2 of SELECT list is not in GROUP BY clause and contains nonaggregated column 'slave_db_0.i.item_id' which is not functionally dependent on columns in GROUP BY clause; this is incompatible with sql_mode=only_full_group_by
	at org.apache.shardingsphere.dbtest.engine.dql.GeneralDQLIT.assertExecuteQueryForStatement(GeneralDQLIT.java:70)
	at org.apache.shardingsphere.dbtest.engine.dql.GeneralDQLIT.assertExecuteQuery(GeneralDQLIT.java:60)
[ERROR] assertExecute[dbtbl_with_masterslave -> MySQL -> Literal -> select_pagination_with_diff_group_by_and_order_by.xml -> SELECT i.user_id FROM t_order o JOIN t_order_item i ON o.user_id = i.user_id AND o.order_id = i.order_id WHERE o.user_id IN (?, ?) AND o.order_id BETWEEN ? AND ? GROUP BY i.user_id ORDER BY i.item_id DESC LIMIT ?, ?](org.apache.shardingsphere.dbtest.engine.dql.GeneralDQLIT)  Time elapsed: 0.003 s  <<< ERROR!
com.mysql.jdbc.exceptions.jdbc4.MySQLSyntaxErrorException: Expression #2 of SELECT list is not in GROUP BY clause and contains nonaggregated column 'slave_db_0.i.item_id' which is not functionally dependent on columns in GROUP BY clause; this is incompatible with sql_mode=only_full_group_by
	at org.apache.shardingsphere.dbtest.engine.dql.GeneralDQLIT.assertExecuteForStatement(GeneralDQLIT.java:99)
	at org.apache.shardingsphere.dbtest.engine.dql.GeneralDQLIT.assertExecute(GeneralDQLIT.java:90)
[ERROR] assertExecuteQuery[masterslave -> MySQL -> Literal -> select_pagination_with_diff_group_by_and_order_by.xml -> SELECT i.user_id FROM t_order o JOIN t_order_item i ON o.user_id = i.user_id AND o.order_id = i.order_id WHERE o.user_id IN (?, ?) AND o.order_id BETWEEN ? AND ? GROUP BY i.user_id ORDER BY i.item_id DESC LIMIT ?, ?](org.apache.shardingsphere.dbtest.engine.dql.GeneralDQLIT)  Time elapsed: 0.001 s  <<< ERROR!
com.mysql.jdbc.exceptions.jdbc4.MySQLSyntaxErrorException: Expression #1 of ORDER BY clause is not in GROUP BY clause and contains nonaggregated column 'slave_0.i.item_id' which is not functionally dependent on columns in GROUP BY clause; this is incompatible with sql_mode=only_full_group_by
	at org.apache.shardingsphere.dbtest.engine.dql.GeneralDQLIT.assertExecuteQueryForStatement(GeneralDQLIT.java:70)
	at org.apache.shardingsphere.dbtest.engine.dql.GeneralDQLIT.assertExecuteQuery(GeneralDQLIT.java:60)
[ERROR] assertExecute[masterslave -> MySQL -> Literal -> select_pagination_with_diff_group_by_and_order_by.xml -> SELECT i.user_id FROM t_order o JOIN t_order_item i ON o.user_id = i.user_id AND o.order_id = i.order_id WHERE o.user_id IN (?, ?) AND o.order_id BETWEEN ? AND ? GROUP BY i.user_id ORDER BY i.item_id DESC LIMIT ?, ?](org.apache.shardingsphere.dbtest.engine.dql.GeneralDQLIT)  Time elapsed: 0.001 s  <<< ERROR!
com.mysql.jdbc.exceptions.jdbc4.MySQLSyntaxErrorException: Expression #1 of ORDER BY clause is not in GROUP BY clause and contains nonaggregated column 'slave_1.i.item_id' which is not functionally dependent on columns in GROUP BY clause; this is incompatible with sql_mode=only_full_group_by
	at org.apache.shardingsphere.dbtest.engine.dql.GeneralDQLIT.assertExecuteForStatement(GeneralDQLIT.java:99)
	at org.apache.shardingsphere.dbtest.engine.dql.GeneralDQLIT.assertExecute(GeneralDQLIT.java:90)
[ERROR] assertExecuteQuery[db -> MySQL -> Placeholder -> select_pagination_with_diff_group_by_and_order_by.xml -> SELECT i.user_id FROM t_order o JOIN t_order_item i ON o.user_id = i.user_id AND o.order_id = i.order_id WHERE o.user_id IN (?, ?) AND o.order_id BETWEEN ? AND ? GROUP BY i.user_id ORDER BY i.item_id DESC LIMIT ?, ?](org.apache.shardingsphere.dbtest.engine.dql.GeneralDQLIT)  Time elapsed: 0.003 s  <<< ERROR!
com.mysql.jdbc.exceptions.jdbc4.MySQLSyntaxErrorException: Expression #2 of SELECT list is not in GROUP BY clause and contains nonaggregated column 'db_0.i.item_id' which is not functionally dependent on columns in GROUP BY clause; this is incompatible with sql_mode=only_full_group_by
	at org.apache.shardingsphere.dbtest.engine.dql.GeneralDQLIT.assertExecuteQueryForPreparedStatement(GeneralDQLIT.java:80)
	at org.apache.shardingsphere.dbtest.engine.dql.GeneralDQLIT.assertExecuteQuery(GeneralDQLIT.java:62)
[ERROR] assertExecute[db -> MySQL -> Placeholder -> select_pagination_with_diff_group_by_and_order_by.xml -> SELECT i.user_id FROM t_order o JOIN t_order_item i ON o.user_id = i.user_id AND o.order_id = i.order_id WHERE o.user_id IN (?, ?) AND o.order_id BETWEEN ? AND ? GROUP BY i.user_id ORDER BY i.item_id DESC LIMIT ?, ?](org.apache.shardingsphere.dbtest.engine.dql.GeneralDQLIT)  Time elapsed: 0.002 s  <<< ERROR!
com.mysql.jdbc.exceptions.jdbc4.MySQLSyntaxErrorException: Expression #2 of SELECT list is not in GROUP BY clause and contains nonaggregated column 'db_0.i.item_id' which is not functionally dependent on columns in GROUP BY clause; this is incompatible with sql_mode=only_full_group_by
	at org.apache.shardingsphere.dbtest.engine.dql.GeneralDQLIT.assertExecuteForPreparedStatement(GeneralDQLIT.java:111)
	at org.apache.shardingsphere.dbtest.engine.dql.GeneralDQLIT.assertExecute(GeneralDQLIT.java:92)
[ERROR] assertExecuteQuery[tbl -> MySQL -> Placeholder -> select_pagination_with_diff_group_by_and_order_by.xml -> SELECT i.user_id FROM t_order o JOIN t_order_item i ON o.user_id = i.user_id AND o.order_id = i.order_id WHERE o.user_id IN (?, ?) AND o.order_id BETWEEN ? AND ? GROUP BY i.user_id ORDER BY i.item_id DESC LIMIT ?, ?](org.apache.shardingsphere.dbtest.engine.dql.GeneralDQLIT)  Time elapsed: 0.002 s  <<< ERROR!
com.mysql.jdbc.exceptions.jdbc4.MySQLSyntaxErrorException: Expression #2 of SELECT list is not in GROUP BY clause and contains nonaggregated column 'tbl.i.item_id' which is not functionally dependent on columns in GROUP BY clause; this is incompatible with sql_mode=only_full_group_by
	at org.apache.shardingsphere.dbtest.engine.dql.GeneralDQLIT.assertExecuteQueryForPreparedStatement(GeneralDQLIT.java:80)
	at org.apache.shardingsphere.dbtest.engine.dql.GeneralDQLIT.assertExecuteQuery(GeneralDQLIT.java:62)
[ERROR] assertExecute[tbl -> MySQL -> Placeholder -> select_pagination_with_diff_group_by_and_order_by.xml -> SELECT i.user_id FROM t_order o JOIN t_order_item i ON o.user_id = i.user_id AND o.order_id = i.order_id WHERE o.user_id IN (?, ?) AND o.order_id BETWEEN ? AND ? GROUP BY i.user_id ORDER BY i.item_id DESC LIMIT ?, ?](org.apache.shardingsphere.dbtest.engine.dql.GeneralDQLIT)  Time elapsed: 0.003 s  <<< ERROR!
com.mysql.jdbc.exceptions.jdbc4.MySQLSyntaxErrorException: Expression #2 of SELECT list is not in GROUP BY clause and contains nonaggregated column 'tbl.i.item_id' which is not functionally dependent on columns in GROUP BY clause; this is incompatible with sql_mode=only_full_group_by
	at org.apache.shardingsphere.dbtest.engine.dql.GeneralDQLIT.assertExecuteForPreparedStatement(GeneralDQLIT.java:111)
	at org.apache.shardingsphere.dbtest.engine.dql.GeneralDQLIT.assertExecute(GeneralDQLIT.java:92)
[ERROR] assertExecuteQuery[dbtbl_with_masterslave -> MySQL -> Placeholder -> select_pagination_with_diff_group_by_and_order_by.xml -> SELECT i.user_id FROM t_order o JOIN t_order_item i ON o.user_id = i.user_id AND o.order_id = i.order_id WHERE o.user_id IN (?, ?) AND o.order_id BETWEEN ? AND ? GROUP BY i.user_id ORDER BY i.item_id DESC LIMIT ?, ?](org.apache.shardingsphere.dbtest.engine.dql.GeneralDQLIT)  Time elapsed: 0.002 s  <<< ERROR!
com.mysql.jdbc.exceptions.jdbc4.MySQLSyntaxErrorException: Expression #2 of SELECT list is not in GROUP BY clause and contains nonaggregated column 'slave_db_0.i.item_id' which is not functionally dependent on columns in GROUP BY clause; this is incompatible with sql_mode=only_full_group_by
	at org.apache.shardingsphere.dbtest.engine.dql.GeneralDQLIT.assertExecuteQueryForPreparedStatement(GeneralDQLIT.java:80)
	at org.apache.shardingsphere.dbtest.engine.dql.GeneralDQLIT.assertExecuteQuery(GeneralDQLIT.java:62)
[ERROR] assertExecute[dbtbl_with_masterslave -> MySQL -> Placeholder -> select_pagination_with_diff_group_by_and_order_by.xml -> SELECT i.user_id FROM t_order o JOIN t_order_item i ON o.user_id = i.user_id AND o.order_id = i.order_id WHERE o.user_id IN (?, ?) AND o.order_id BETWEEN ? AND ? GROUP BY i.user_id ORDER BY i.item_id DESC LIMIT ?, ?](org.apache.shardingsphere.dbtest.engine.dql.GeneralDQLIT)  Time elapsed: 0.004 s  <<< ERROR!
com.mysql.jdbc.exceptions.jdbc4.MySQLSyntaxErrorException: Expression #2 of SELECT list is not in GROUP BY clause and contains nonaggregated column 'slave_db_0.i.item_id' which is not functionally dependent on columns in GROUP BY clause; this is incompatible with sql_mode=only_full_group_by
	at org.apache.shardingsphere.dbtest.engine.dql.GeneralDQLIT.assertExecuteForPreparedStatement(GeneralDQLIT.java:111)
	at org.apache.shardingsphere.dbtest.engine.dql.GeneralDQLIT.assertExecute(GeneralDQLIT.java:92)
[ERROR] assertExecuteQuery[masterslave -> MySQL -> Placeholder -> select_pagination_with_diff_group_by_and_order_by.xml -> SELECT i.user_id FROM t_order o JOIN t_order_item i ON o.user_id = i.user_id AND o.order_id = i.order_id WHERE o.user_id IN (?, ?) AND o.order_id BETWEEN ? AND ? GROUP BY i.user_id ORDER BY i.item_id DESC LIMIT ?, ?](org.apache.shardingsphere.dbtest.engine.dql.GeneralDQLIT)  Time elapsed: 0.002 s  <<< ERROR!
com.mysql.jdbc.exceptions.jdbc4.MySQLSyntaxErrorException: Expression #1 of ORDER BY clause is not in GROUP BY clause and contains nonaggregated column 'slave_0.i.item_id' which is not functionally dependent on columns in GROUP BY clause; this is incompatible with sql_mode=only_full_group_by
	at org.apache.shardingsphere.dbtest.engine.dql.GeneralDQLIT.assertExecuteQueryForPreparedStatement(GeneralDQLIT.java:80)
	at org.apache.shardingsphere.dbtest.engine.dql.GeneralDQLIT.assertExecuteQuery(GeneralDQLIT.java:62)
[ERROR] assertExecute[masterslave -> MySQL -> Placeholder -> select_pagination_with_diff_group_by_and_order_by.xml -> SELECT i.user_id FROM t_order o JOIN t_order_item i ON o.user_id = i.user_id AND o.order_id = i.order_id WHERE o.user_id IN (?, ?) AND o.order_id BETWEEN ? AND ? GROUP BY i.user_id ORDER BY i.item_id DESC LIMIT ?, ?](org.apache.shardingsphere.dbtest.engine.dql.GeneralDQLIT)  Time elapsed: 0.001 s  <<< ERROR!
com.mysql.jdbc.exceptions.jdbc4.MySQLSyntaxErrorException: Expression #1 of ORDER BY clause is not in GROUP BY clause and contains nonaggregated column 'slave_1.i.item_id' which is not functionally dependent on columns in GROUP BY clause; this is incompatible with sql_mode=only_full_group_by
	at org.apache.shardingsphere.dbtest.engine.dql.GeneralDQLIT.assertExecuteForPreparedStatement(GeneralDQLIT.java:111)
	at org.apache.shardingsphere.dbtest.engine.dql.GeneralDQLIT.assertExecute(GeneralDQLIT.java:92)
[ERROR] assertExecuteQuery[masterslave -> MySQL -> Literal -> select_distinct_with_single_column_without_order_by.xml -> SELECT DISTINCT item_id FROM t_order_item](org.apache.shardingsphere.dbtest.engine.dql.GeneralDQLIT)  Time elapsed: 0.004 s  <<< FAILURE!
java.lang.AssertionError: 
Expected: is "140001"
     but: was "100001"
	at org.apache.shardingsphere.dbtest.engine.dql.GeneralDQLIT.assertExecuteQueryForStatement(GeneralDQLIT.java:71)
	at org.apache.shardingsphere.dbtest.engine.dql.GeneralDQLIT.assertExecuteQuery(GeneralDQLIT.java:60)
[ERROR] assertExecute[masterslave -> MySQL -> Literal -> select_distinct_with_single_column_without_order_by.xml -> SELECT DISTINCT item_id FROM t_order_item](org.apache.shardingsphere.dbtest.engine.dql.GeneralDQLIT)  Time elapsed: 0.003 s  <<< FAILURE!
java.lang.AssertionError: 
Expected: is "140001"
     but: was "100001"
	at org.apache.shardingsphere.dbtest.engine.dql.GeneralDQLIT.assertExecuteForStatement(GeneralDQLIT.java:101)
	at org.apache.shardingsphere.dbtest.engine.dql.GeneralDQLIT.assertExecute(GeneralDQLIT.java:90)
[ERROR] assertExecuteQuery[masterslave -> MySQL -> Placeholder -> select_distinct_with_single_column_without_order_by.xml -> SELECT DISTINCT item_id FROM t_order_item](org.apache.shardingsphere.dbtest.engine.dql.GeneralDQLIT)  Time elapsed: 0.003 s  <<< FAILURE!
java.lang.AssertionError: 
Expected: is "140001"
     but: was "100001"
	at org.apache.shardingsphere.dbtest.engine.dql.GeneralDQLIT.assertExecuteQueryForPreparedStatement(GeneralDQLIT.java:81)
	at org.apache.shardingsphere.dbtest.engine.dql.GeneralDQLIT.assertExecuteQuery(GeneralDQLIT.java:62)
[ERROR] assertExecute[masterslave -> MySQL -> Placeholder -> select_distinct_with_single_column_without_order_by.xml -> SELECT DISTINCT item_id FROM t_order_item](org.apache.shardingsphere.dbtest.engine.dql.GeneralDQLIT)  Time elapsed: 0.002 s  <<< FAILURE!
java.lang.AssertionError: 
Expected: is "140001"
     but: was "100001"
	at org.apache.shardingsphere.dbtest.engine.dql.GeneralDQLIT.assertExecuteForPreparedStatement(GeneralDQLIT.java:113)
	at org.apache.shardingsphere.dbtest.engine.dql.GeneralDQLIT.assertExecute(GeneralDQLIT.java:92)
[ERROR] assertExecuteQuery[masterslave -> MySQL -> Literal -> select_distinct_with_multi_column_without_order_by.xml -> SELECT DISTINCT order_id, user_id, status FROM t_order](org.apache.shardingsphere.dbtest.engine.dql.GeneralDQLIT)  Time elapsed: 0.003 s  <<< FAILURE!
java.lang.AssertionError: 
Expected: is "1900"
     but: was "1000"
	at org.apache.shardingsphere.dbtest.engine.dql.GeneralDQLIT.assertExecuteQueryForStatement(GeneralDQLIT.java:71)
	at org.apache.shardingsphere.dbtest.engine.dql.GeneralDQLIT.assertExecuteQuery(GeneralDQLIT.java:60)
[ERROR] assertExecute[masterslave -> MySQL -> Literal -> select_distinct_with_multi_column_without_order_by.xml -> SELECT DISTINCT order_id, user_id, status FROM t_order](org.apache.shardingsphere.dbtest.engine.dql.GeneralDQLIT)  Time elapsed: 0.003 s  <<< FAILURE!
java.lang.AssertionError: 
Expected: is "1900"
     but: was "1000"
	at org.apache.shardingsphere.dbtest.engine.dql.GeneralDQLIT.assertExecuteForStatement(GeneralDQLIT.java:101)
	at org.apache.shardingsphere.dbtest.engine.dql.GeneralDQLIT.assertExecute(GeneralDQLIT.java:90)
[ERROR] assertExecuteQuery[masterslave -> MySQL -> Placeholder -> select_distinct_with_multi_column_without_order_by.xml -> SELECT DISTINCT order_id, user_id, status FROM t_order](org.apache.shardingsphere.dbtest.engine.dql.GeneralDQLIT)  Time elapsed: 0.003 s  <<< FAILURE!
java.lang.AssertionError: 
Expected: is "1900"
     but: was "1000"
	at org.apache.shardingsphere.dbtest.engine.dql.GeneralDQLIT.assertExecuteQueryForPreparedStatement(GeneralDQLIT.java:81)
	at org.apache.shardingsphere.dbtest.engine.dql.GeneralDQLIT.assertExecuteQuery(GeneralDQLIT.java:62)
[ERROR] assertExecute[masterslave -> MySQL -> Placeholder -> select_distinct_with_multi_column_without_order_by.xml -> SELECT DISTINCT order_id, user_id, status FROM t_order](org.apache.shardingsphere.dbtest.engine.dql.GeneralDQLIT)  Time elapsed: 0.003 s  <<< FAILURE!
java.lang.AssertionError: 
Expected: is "1900"
     but: was "1000"
	at org.apache.shardingsphere.dbtest.engine.dql.GeneralDQLIT.assertExecuteForPreparedStatement(GeneralDQLIT.java:113)
	at org.apache.shardingsphere.dbtest.engine.dql.GeneralDQLIT.assertExecute(GeneralDQLIT.java:92)
[ERROR] assertExecuteQuery[db -> MySQL -> Literal -> select_distinct_with_avg.xml -> SELECT AVG(DISTINCT order_id) FROM t_order WHERE order_id < 1100](org.apache.shardingsphere.dbtest.engine.dql.GeneralDQLIT)  Time elapsed: 0.006 s  <<< FAILURE!
java.lang.AssertionError: 
Expected: is "1000.5000"
     but: was "1.0000"
	at org.apache.shardingsphere.dbtest.engine.dql.GeneralDQLIT.assertExecuteQueryForStatement(GeneralDQLIT.java:71)
	at org.apache.shardingsphere.dbtest.engine.dql.GeneralDQLIT.assertExecuteQuery(GeneralDQLIT.java:60)
[ERROR] assertExecute[db -> MySQL -> Literal -> select_distinct_with_avg.xml -> SELECT AVG(DISTINCT order_id) FROM t_order WHERE order_id < 1100](org.apache.shardingsphere.dbtest.engine.dql.GeneralDQLIT)  Time elapsed: 0.008 s  <<< FAILURE!
java.lang.AssertionError: 
Expected: is "1000.5000"
     but: was "1.0000"
	at org.apache.shardingsphere.dbtest.engine.dql.GeneralDQLIT.assertExecuteForStatement(GeneralDQLIT.java:101)
	at org.apache.shardingsphere.dbtest.engine.dql.GeneralDQLIT.assertExecute(GeneralDQLIT.java:90)
[ERROR] assertExecuteQuery[tbl -> MySQL -> Literal -> select_distinct_with_avg.xml -> SELECT AVG(DISTINCT order_id) FROM t_order WHERE order_id < 1100](org.apache.shardingsphere.dbtest.engine.dql.GeneralDQLIT)  Time elapsed: 0.012 s  <<< FAILURE!
java.lang.AssertionError: 
Expected: is "1004.5000"
     but: was "1.0000"
	at org.apache.shardingsphere.dbtest.engine.dql.GeneralDQLIT.assertExecuteQueryForStatement(GeneralDQLIT.java:71)
	at org.apache.shardingsphere.dbtest.engine.dql.GeneralDQLIT.assertExecuteQuery(GeneralDQLIT.java:60)
[ERROR] assertExecute[tbl -> MySQL -> Literal -> select_distinct_with_avg.xml -> SELECT AVG(DISTINCT order_id) FROM t_order WHERE order_id < 1100](org.apache.shardingsphere.dbtest.engine.dql.GeneralDQLIT)  Time elapsed: 0.009 s  <<< FAILURE!
java.lang.AssertionError: 
Expected: is "1004.5000"
     but: was "1.0000"
	at org.apache.shardingsphere.dbtest.engine.dql.GeneralDQLIT.assertExecuteForStatement(GeneralDQLIT.java:101)
	at org.apache.shardingsphere.dbtest.engine.dql.GeneralDQLIT.assertExecute(GeneralDQLIT.java:90)
[ERROR] assertExecuteQuery[dbtbl_with_masterslave -> MySQL -> Literal -> select_distinct_with_avg.xml -> SELECT AVG(DISTINCT order_id) FROM t_order WHERE order_id < 1100](org.apache.shardingsphere.dbtest.engine.dql.GeneralDQLIT)  Time elapsed: 0.036 s  <<< FAILURE!
java.lang.AssertionError: 
Expected: is "1004.5000"
     but: was "1.0000"
	at org.apache.shardingsphere.dbtest.engine.dql.GeneralDQLIT.assertExecuteQueryForStatement(GeneralDQLIT.java:71)
	at org.apache.shardingsphere.dbtest.engine.dql.GeneralDQLIT.assertExecuteQuery(GeneralDQLIT.java:60)
[ERROR] assertExecute[dbtbl_with_masterslave -> MySQL -> Literal -> select_distinct_with_avg.xml -> SELECT AVG(DISTINCT order_id) FROM t_order WHERE order_id < 1100](org.apache.shardingsphere.dbtest.engine.dql.GeneralDQLIT)  Time elapsed: 0.036 s  <<< FAILURE!
java.lang.AssertionError: 
Expected: is "1004.5000"
     but: was "1.0000"
	at org.apache.shardingsphere.dbtest.engine.dql.GeneralDQLIT.assertExecuteForStatement(GeneralDQLIT.java:101)
	at org.apache.shardingsphere.dbtest.engine.dql.GeneralDQLIT.assertExecute(GeneralDQLIT.java:90)
[ERROR] assertExecuteQuery[db -> MySQL -> Placeholder -> select_distinct_with_avg.xml -> SELECT AVG(DISTINCT order_id) FROM t_order WHERE order_id < 1100](org.apache.shardingsphere.dbtest.engine.dql.GeneralDQLIT)  Time elapsed: 0.007 s  <<< FAILURE!
java.lang.AssertionError: 
Expected: is "1000.5000"
     but: was "1.0000"
	at org.apache.shardingsphere.dbtest.engine.dql.GeneralDQLIT.assertExecuteQueryForPreparedStatement(GeneralDQLIT.java:81)
	at org.apache.shardingsphere.dbtest.engine.dql.GeneralDQLIT.assertExecuteQuery(GeneralDQLIT.java:62)
[ERROR] assertExecute[db -> MySQL -> Placeholder -> select_distinct_with_avg.xml -> SELECT AVG(DISTINCT order_id) FROM t_order WHERE order_id < 1100](org.apache.shardingsphere.dbtest.engine.dql.GeneralDQLIT)  Time elapsed: 0.006 s  <<< FAILURE!
java.lang.AssertionError: 
Expected: is "1000.5000"
     but: was "1.0000"
	at org.apache.shardingsphere.dbtest.engine.dql.GeneralDQLIT.assertExecuteForPreparedStatement(GeneralDQLIT.java:113)
	at org.apache.shardingsphere.dbtest.engine.dql.GeneralDQLIT.assertExecute(GeneralDQLIT.java:92)
[ERROR] assertExecuteQuery[tbl -> MySQL -> Placeholder -> select_distinct_with_avg.xml -> SELECT AVG(DISTINCT order_id) FROM t_order WHERE order_id < 1100](org.apache.shardingsphere.dbtest.engine.dql.GeneralDQLIT)  Time elapsed: 0.009 s  <<< FAILURE!
java.lang.AssertionError: 
Expected: is "1004.5000"
     but: was "1.0000"
	at org.apache.shardingsphere.dbtest.engine.dql.GeneralDQLIT.assertExecuteQueryForPreparedStatement(GeneralDQLIT.java:81)
	at org.apache.shardingsphere.dbtest.engine.dql.GeneralDQLIT.assertExecuteQuery(GeneralDQLIT.java:62)
[ERROR] assertExecute[tbl -> MySQL -> Placeholder -> select_distinct_with_avg.xml -> SELECT AVG(DISTINCT order_id) FROM t_order WHERE order_id < 1100](org.apache.shardingsphere.dbtest.engine.dql.GeneralDQLIT)  Time elapsed: 0.008 s  <<< FAILURE!
java.lang.AssertionError: 
Expected: is "1004.5000"
     but: was "1.0000"
	at org.apache.shardingsphere.dbtest.engine.dql.GeneralDQLIT.assertExecuteForPreparedStatement(GeneralDQLIT.java:113)
	at org.apache.shardingsphere.dbtest.engine.dql.GeneralDQLIT.assertExecute(GeneralDQLIT.java:92)
[ERROR] assertExecuteQuery[dbtbl_with_masterslave -> MySQL -> Placeholder -> select_distinct_with_avg.xml -> SELECT AVG(DISTINCT order_id) FROM t_order WHERE order_id < 1100](org.apache.shardingsphere.dbtest.engine.dql.GeneralDQLIT)  Time elapsed: 0.047 s  <<< FAILURE!
java.lang.AssertionError: 
Expected: is "1004.5000"
     but: was "1.0000"
	at org.apache.shardingsphere.dbtest.engine.dql.GeneralDQLIT.assertExecuteQueryForPreparedStatement(GeneralDQLIT.java:81)
	at org.apache.shardingsphere.dbtest.engine.dql.GeneralDQLIT.assertExecuteQuery(GeneralDQLIT.java:62)
[ERROR] assertExecute[dbtbl_with_masterslave -> MySQL -> Placeholder -> select_distinct_with_avg.xml -> SELECT AVG(DISTINCT order_id) FROM t_order WHERE order_id < 1100](org.apache.shardingsphere.dbtest.engine.dql.GeneralDQLIT)  Time elapsed: 0.035 s  <<< FAILURE!
java.lang.AssertionError: 
Expected: is "1004.5000"
     but: was "1.0000"
	at org.apache.shardingsphere.dbtest.engine.dql.GeneralDQLIT.assertExecuteForPreparedStatement(GeneralDQLIT.java:113)
	at org.apache.shardingsphere.dbtest.engine.dql.GeneralDQLIT.assertExecute(GeneralDQLIT.java:92)
[INFO] 
[INFO] Results:
[INFO] 
[ERROR] Failures: 
[ERROR]   GeneralDQLIT.assertExecuteQuery:60->assertExecuteQueryForStatement:71->BaseDQLIT.assertResultSet:112->BaseDQLIT.assertRows:144 
Expected: is "1000.5000"
     but: was "1.0000"
[ERROR]   GeneralDQLIT.assertExecuteQuery:62->assertExecuteQueryForPreparedStatement:81->BaseDQLIT.assertResultSet:112->BaseDQLIT.assertRows:144 
Expected: is "1000.5000"
     but: was "1.0000"
[ERROR]   GeneralDQLIT.assertExecuteQuery:60->assertExecuteQueryForStatement:71->BaseDQLIT.assertResultSet:112->BaseDQLIT.assertRows:144 
Expected: is "1004.5000"
     but: was "1.0000"
[ERROR]   GeneralDQLIT.assertExecuteQuery:62->assertExecuteQueryForPreparedStatement:81->BaseDQLIT.assertResultSet:112->BaseDQLIT.assertRows:144 
Expected: is "1004.5000"
     but: was "1.0000"
[ERROR]   GeneralDQLIT.assertExecuteQuery:60->assertExecuteQueryForStatement:71->BaseDQLIT.assertResultSet:112->BaseDQLIT.assertRows:144 
Expected: is "1900"
     but: was "1000"
[ERROR]   GeneralDQLIT.assertExecuteQuery:60->assertExecuteQueryForStatement:71->BaseDQLIT.assertResultSet:112->BaseDQLIT.assertRows:144 
Expected: is "140001"
     but: was "100001"
[ERROR]   GeneralDQLIT.assertExecuteQuery:62->assertExecuteQueryForPreparedStatement:81->BaseDQLIT.assertResultSet:112->BaseDQLIT.assertRows:144 
Expected: is "1900"
     but: was "1000"
[ERROR]   GeneralDQLIT.assertExecuteQuery:62->assertExecuteQueryForPreparedStatement:81->BaseDQLIT.assertResultSet:112->BaseDQLIT.assertRows:144 
Expected: is "140001"
     but: was "100001"
[ERROR]   GeneralDQLIT.assertExecuteQuery:60->assertExecuteQueryForStatement:71->BaseDQLIT.assertResultSet:112->BaseDQLIT.assertRows:144 
Expected: is "1004.5000"
     but: was "1.0000"
[ERROR]   GeneralDQLIT.assertExecuteQuery:62->assertExecuteQueryForPreparedStatement:81->BaseDQLIT.assertResultSet:112->BaseDQLIT.assertRows:144 
Expected: is "1004.5000"
     but: was "1.0000"
[ERROR]   GeneralDQLIT.assertExecute:90->assertExecuteForStatement:101->BaseDQLIT.assertResultSet:112->BaseDQLIT.assertRows:144 
Expected: is "1000.5000"
     but: was "1.0000"
[ERROR]   GeneralDQLIT.assertExecute:92->assertExecuteForPreparedStatement:113->BaseDQLIT.assertResultSet:112->BaseDQLIT.assertRows:144 
Expected: is "1000.5000"
     but: was "1.0000"
[ERROR]   GeneralDQLIT.assertExecute:90->assertExecuteForStatement:101->BaseDQLIT.assertResultSet:112->BaseDQLIT.assertRows:144 
Expected: is "1004.5000"
     but: was "1.0000"
[ERROR]   GeneralDQLIT.assertExecute:92->assertExecuteForPreparedStatement:113->BaseDQLIT.assertResultSet:112->BaseDQLIT.assertRows:144 
Expected: is "1004.5000"
     but: was "1.0000"
[ERROR]   GeneralDQLIT.assertExecute:90->assertExecuteForStatement:101->BaseDQLIT.assertResultSet:112->BaseDQLIT.assertRows:144 
Expected: is "1900"
     but: was "1000"
[ERROR]   GeneralDQLIT.assertExecute:90->assertExecuteForStatement:101->BaseDQLIT.assertResultSet:112->BaseDQLIT.assertRows:144 
Expected: is "140001"
     but: was "100001"
[ERROR]   GeneralDQLIT.assertExecute:92->assertExecuteForPreparedStatement:113->BaseDQLIT.assertResultSet:112->BaseDQLIT.assertRows:144 
Expected: is "1900"
     but: was "1000"
[ERROR]   GeneralDQLIT.assertExecute:92->assertExecuteForPreparedStatement:113->BaseDQLIT.assertResultSet:112->BaseDQLIT.assertRows:144 
Expected: is "140001"
     but: was "100001"
[ERROR]   GeneralDQLIT.assertExecute:90->assertExecuteForStatement:101->BaseDQLIT.assertResultSet:112->BaseDQLIT.assertRows:144 
Expected: is "1004.5000"
     but: was "1.0000"
[ERROR]   GeneralDQLIT.assertExecute:92->assertExecuteForPreparedStatement:113->BaseDQLIT.assertResultSet:112->BaseDQLIT.assertRows:144 
Expected: is "1004.5000"
     but: was "1.0000"
[ERROR] Errors: 
[ERROR]   GeneralDCLIT.assertExecuteUpdate:51 » SQL Operation ALTER USER failed for 'use...
[ERROR]   GeneralDCLIT.assertExecuteUpdate:51 » SQL Operation DROP ROLE failed for 'role...
[ERROR]   GeneralDCLIT.assertExecuteUpdate:51 » MySQLSyntaxError There is no such grant ...
[ERROR]   GeneralDCLIT.assertExecuteUpdate:53 » SQL Operation ALTER USER failed for 'use...
[ERROR]   GeneralDCLIT.assertExecuteUpdate:53 » SQL Operation CREATE ROLE failed for 'ro...
[ERROR]   GeneralDCLIT.assertExecuteUpdate:53 » SQL Operation DROP ROLE failed for 'role...
[ERROR]   GeneralDCLIT.assertExecuteUpdate:53 » MySQLSyntaxError There is no such grant ...
[ERROR]   GeneralDCLIT.assertExecuteUpdate:51 » SQL Operation ALTER USER failed for 'use...
[ERROR]   GeneralDCLIT.assertExecuteUpdate:51 » SQL Operation CREATE ROLE failed for 'ro...
[ERROR]   GeneralDCLIT.assertExecuteUpdate:51 » SQL Operation DROP ROLE failed for 'role...
[ERROR]   GeneralDCLIT.assertExecuteUpdate:51 » MySQLSyntaxError There is no such grant ...
[ERROR]   GeneralDCLIT.assertExecuteUpdate:53 » SQL Operation ALTER USER failed for 'use...
[ERROR]   GeneralDCLIT.assertExecuteUpdate:53 » SQL Operation CREATE ROLE failed for 'ro...
[ERROR]   GeneralDCLIT.assertExecuteUpdate:53 » SQL Operation DROP ROLE failed for 'role...
[ERROR]   GeneralDCLIT.assertExecuteUpdate:53 » MySQLSyntaxError There is no such grant ...
[ERROR]   GeneralDCLIT.assertExecuteUpdate:51 » SQL Operation ALTER USER failed for 'use...
[ERROR]   GeneralDCLIT.assertExecuteUpdate:51 » SQL Operation CREATE ROLE failed for 'ro...
[ERROR]   GeneralDCLIT.assertExecuteUpdate:51 » SQL Operation DROP ROLE failed for 'role...
[ERROR]   GeneralDCLIT.assertExecuteUpdate:51 » MySQLSyntaxError There is no such grant ...
[ERROR]   GeneralDCLIT.assertExecuteUpdate:53 » SQL Operation ALTER USER failed for 'use...
[ERROR]   GeneralDCLIT.assertExecuteUpdate:53 » SQL Operation CREATE ROLE failed for 'ro...
[ERROR]   GeneralDCLIT.assertExecuteUpdate:53 » SQL Operation DROP ROLE failed for 'role...
[ERROR]   GeneralDCLIT.assertExecuteUpdate:53 » MySQLSyntaxError There is no such grant ...
[ERROR]   GeneralDCLIT.assertExecuteUpdate:51 » SQL Operation ALTER USER failed for 'use...
[ERROR]   GeneralDCLIT.assertExecuteUpdate:51 » SQL Operation CREATE ROLE failed for 'ro...
[ERROR]   GeneralDCLIT.assertExecuteUpdate:51 » SQL Operation DROP ROLE failed for 'role...
[ERROR]   GeneralDCLIT.assertExecuteUpdate:51 » MySQLSyntaxError There is no such grant ...
[ERROR]   GeneralDCLIT.assertExecuteUpdate:53 » SQL Operation ALTER USER failed for 'use...
[ERROR]   GeneralDCLIT.assertExecuteUpdate:53 » SQL Operation CREATE ROLE failed for 'ro...
[ERROR]   GeneralDCLIT.assertExecuteUpdate:53 » SQL Operation DROP ROLE failed for 'role...
[ERROR]   GeneralDCLIT.assertExecuteUpdate:53 » MySQLSyntaxError There is no such grant ...
[ERROR]   GeneralDCLIT.assertExecute:62 » SQL Operation ALTER USER failed for 'user1'@'l...
[ERROR]   GeneralDCLIT.assertExecute:62 » SQL Operation CREATE ROLE failed for 'role1'@'...
[ERROR]   GeneralDCLIT.assertExecute:62 » SQL Operation DROP ROLE failed for 'role1'@'%'
[ERROR]   GeneralDCLIT.assertExecute:62 » MySQLSyntaxError There is no such grant define...
[ERROR]   GeneralDCLIT.assertExecute:64 » SQL Operation ALTER USER failed for 'user1'@'l...
[ERROR]   GeneralDCLIT.assertExecute:64 » SQL Operation CREATE ROLE failed for 'role1'@'...
[ERROR]   GeneralDCLIT.assertExecute:64 » SQL Operation DROP ROLE failed for 'role1'@'%'
[ERROR]   GeneralDCLIT.assertExecute:64 » MySQLSyntaxError There is no such grant define...
[ERROR]   GeneralDCLIT.assertExecute:62 » SQL Operation ALTER USER failed for 'user1'@'l...
[ERROR]   GeneralDCLIT.assertExecute:62 » SQL Operation CREATE ROLE failed for 'role1'@'...
[ERROR]   GeneralDCLIT.assertExecute:62 » SQL Operation DROP ROLE failed for 'role1'@'%'
[ERROR]   GeneralDCLIT.assertExecute:62 » MySQLSyntaxError There is no such grant define...
[ERROR]   GeneralDCLIT.assertExecute:64 » SQL Operation ALTER USER failed for 'user1'@'l...
[ERROR]   GeneralDCLIT.assertExecute:64 » SQL Operation CREATE ROLE failed for 'role1'@'...
[ERROR]   GeneralDCLIT.assertExecute:64 » SQL Operation DROP ROLE failed for 'role1'@'%'
[ERROR]   GeneralDCLIT.assertExecute:64 » MySQLSyntaxError There is no such grant define...
[ERROR]   GeneralDCLIT.assertExecute:62 » SQL Operation ALTER USER failed for 'user1'@'l...
[ERROR]   GeneralDCLIT.assertExecute:62 » SQL Operation CREATE ROLE failed for 'role1'@'...
[ERROR]   GeneralDCLIT.assertExecute:62 » SQL Operation DROP ROLE failed for 'role1'@'%'
[ERROR]   GeneralDCLIT.assertExecute:62 » MySQLSyntaxError There is no such grant define...
[ERROR]   GeneralDCLIT.assertExecute:64 » SQL Operation ALTER USER failed for 'user1'@'l...
[ERROR]   GeneralDCLIT.assertExecute:64 » SQL Operation CREATE ROLE failed for 'role1'@'...
[ERROR]   GeneralDCLIT.assertExecute:64 » SQL Operation DROP ROLE failed for 'role1'@'%'
[ERROR]   GeneralDCLIT.assertExecute:64 » MySQLSyntaxError There is no such grant define...
[ERROR]   GeneralDCLIT.assertExecute:62 » SQL Operation ALTER USER failed for 'user1'@'l...
[ERROR]   GeneralDCLIT.assertExecute:62 » SQL Operation CREATE ROLE failed for 'role1'@'...
[ERROR]   GeneralDCLIT.assertExecute:62 » SQL Operation DROP ROLE failed for 'role1'@'%'
[ERROR]   GeneralDCLIT.assertExecute:62 » MySQLSyntaxError There is no such grant define...
[ERROR]   GeneralDCLIT.assertExecute:64 » SQL Operation ALTER USER failed for 'user1'@'l...
[ERROR]   GeneralDCLIT.assertExecute:64 » SQL Operation CREATE ROLE failed for 'role1'@'...
[ERROR]   GeneralDCLIT.assertExecute:64 » SQL Operation DROP ROLE failed for 'role1'@'%'
[ERROR]   GeneralDCLIT.assertExecute:64 » MySQLSyntaxError There is no such grant define...
[ERROR]   GeneralDQLIT.assertExecuteQuery:60->assertExecuteQueryForStatement:70 » MySQLSyntaxError
[ERROR]   GeneralDQLIT.assertExecuteQuery:60->assertExecuteQueryForStatement:70 » MySQLSyntaxError
[ERROR]   GeneralDQLIT.assertExecuteQuery:62->assertExecuteQueryForPreparedStatement:80 » MySQLSyntaxError
[ERROR]   GeneralDQLIT.assertExecuteQuery:62->assertExecuteQueryForPreparedStatement:80 » MySQLSyntaxError
[ERROR]   GeneralDQLIT.assertExecuteQuery:60->assertExecuteQueryForStatement:70 » MySQLSyntaxError
[ERROR]   GeneralDQLIT.assertExecuteQuery:60->assertExecuteQueryForStatement:70 » MySQLSyntaxError
[ERROR]   GeneralDQLIT.assertExecuteQuery:62->assertExecuteQueryForPreparedStatement:80 » MySQLSyntaxError
[ERROR]   GeneralDQLIT.assertExecuteQuery:62->assertExecuteQueryForPreparedStatement:80 » MySQLSyntaxError
[ERROR]   GeneralDQLIT.assertExecuteQuery:60->assertExecuteQueryForStatement:70 » MySQLSyntaxError
[ERROR]   GeneralDQLIT.assertExecuteQuery:62->assertExecuteQueryForPreparedStatement:80 » MySQLSyntaxError
[ERROR]   GeneralDQLIT.assertExecuteQuery:60->assertExecuteQueryForStatement:70 » MySQLSyntaxError
[ERROR]   GeneralDQLIT.assertExecuteQuery:60->assertExecuteQueryForStatement:70 » MySQLSyntaxError
[ERROR]   GeneralDQLIT.assertExecuteQuery:62->assertExecuteQueryForPreparedStatement:80 » MySQLSyntaxError
[ERROR]   GeneralDQLIT.assertExecuteQuery:62->assertExecuteQueryForPreparedStatement:80 » MySQLSyntaxError
[ERROR]   GeneralDQLIT.assertExecute:90->assertExecuteForStatement:99 » MySQLSyntaxError
[ERROR]   GeneralDQLIT.assertExecute:90->assertExecuteForStatement:99 » MySQLSyntaxError
[ERROR]   GeneralDQLIT.assertExecute:92->assertExecuteForPreparedStatement:111 » MySQLSyntaxError
[ERROR]   GeneralDQLIT.assertExecute:92->assertExecuteForPreparedStatement:111 » MySQLSyntaxError
[ERROR]   GeneralDQLIT.assertExecute:90->assertExecuteForStatement:99 » MySQLSyntaxError
[ERROR]   GeneralDQLIT.assertExecute:90->assertExecuteForStatement:99 » MySQLSyntaxError
[ERROR]   GeneralDQLIT.assertExecute:92->assertExecuteForPreparedStatement:111 » MySQLSyntaxError
[ERROR]   GeneralDQLIT.assertExecute:92->assertExecuteForPreparedStatement:111 » MySQLSyntaxError
[ERROR]   GeneralDQLIT.assertExecute:90->assertExecuteForStatement:99 » MySQLSyntaxError
[ERROR]   GeneralDQLIT.assertExecute:92->assertExecuteForPreparedStatement:111 » MySQLSyntaxError
[ERROR]   GeneralDQLIT.assertExecute:90->assertExecuteForStatement:99 » MySQLSyntaxError
[ERROR]   GeneralDQLIT.assertExecute:90->assertExecuteForStatement:99 » MySQLSyntaxError
[ERROR]   GeneralDQLIT.assertExecute:92->assertExecuteForPreparedStatement:111 » MySQLSyntaxError
[ERROR]   GeneralDQLIT.assertExecute:92->assertExecuteForPreparedStatement:111 » MySQLSyntaxError
[INFO] 
[ERROR] Tests run: 2880, Failures: 20, Errors: 91, Skipped: 0
[INFO] 
[INFO] 
[INFO] --- maven-source-plugin:2.4:jar-no-fork (attach-sources) @ shardingsphere-test-suite ---
[INFO] 
[INFO] --- apache-rat-plugin:0.12:check (default) @ shardingsphere-test-suite ---
[INFO] Enabled default license matchers.
[INFO] Will parse SCM ignores for exclusions...
[INFO] Finished adding exclusions from SCM ignore files.
[INFO] 61 implicit excludes (use -debug for more details).
[INFO] Exclude: **/target/**
[INFO] Exclude: **/logs/**
[INFO] Exclude: **/*.log
[INFO] Exclude: **/*.iml
[INFO] Exclude: **/.idea/**
[INFO] Exclude: **/*.classpath
[INFO] Exclude: **/.project
[INFO] Exclude: **/.settings/**
[INFO] Exclude: **/dependency-reduced-pom.xml
[INFO] Exclude: **/.gitignore
[INFO] Exclude: **/.gitmodules
[INFO] Exclude: **/.git/**
[INFO] Exclude: **/.travis.yml
[INFO] Exclude: **/.mvn/jvm.config
[INFO] Exclude: **/.mvn/wrapper/maven-wrapper.properties
[INFO] Exclude: **/.github/**
[INFO] Exclude: **/*.md
[INFO] Exclude: **/*.MD
[INFO] Exclude: **/*.txt
[INFO] Exclude: **/docs/**
[INFO] Exclude: **/.babelrc
[INFO] Exclude: **/.editorconfig
[INFO] Exclude: **/.eslintignore
[INFO] Exclude: **/package.json
[INFO] Exclude: **/assets/**
[INFO] Exclude: **/dist/**
[INFO] Exclude: **/etc/**
[INFO] Exclude: **/node/**
[INFO] Exclude: **/node_modules/**
[INFO] Exclude: **/test/coverage/**
[INFO] Exclude: **/package-lock.json
[INFO] Exclude: /examples/**
[INFO] 631 resources included (use -debug for more details)
[INFO] Rat check: Summary over all files. Unapproved: 0, unknown: 0, generated: 0, approved: 631 licenses.
[INFO] 
[INFO] --- maven-failsafe-plugin:2.22.0:verify (integration-tests) @ shardingsphere-test-suite ---
```
