

[ERROR] Failed to execute goal org.apache.maven.plugins:maven-javadoc-plugin:2.9.1:jar (attach-javadocs) on project flink-e2e-test-utils: MavenReportException: Error while creating archive:
[ERROR] Exit code: 1 - javadoc: error - No public or protected classes found to document.
[ERROR] 
[ERROR] Command line was: /usr/local/asfpackages/java/jdk1.8.0_191/jre/../bin/javadoc @options @packages
[ERROR] 
[ERROR] Refer to the generated Javadoc files in '/home/jenkins/jenkins-slave/workspace/flink-snapshot-deployment/flink-end-to-end-tests/flink-e2e-test-utils/target/apidocs' dir.
[ERROR] -> [Help 1]

