Failed with:


testSavepoint[Migrate Savepoint / Backend: (1.4,rocksdb)](org.apache.flink.test.migration.TypeSerializerSnapshotMigrationITCase)  Time elapsed: 0.753 sec  <<< FAILURE!
java.lang.AssertionError: Values should be different. Actual: FAILED
	at org.junit.Assert.fail(Assert.java:88)
	at org.junit.Assert.failEquals(Assert.java:185)
	at org.junit.Assert.assertNotEquals(Assert.java:161)
	at org.junit.Assert.assertNotEquals(Assert.java:175)
	at org.apache.flink.test.checkpointing.utils.SavepointMigrationTestBase.restoreAndExecute(SavepointMigrationTestBase.java:217)
	at org.apache.flink.test.migration.TypeSerializerSnapshotMigrationITCase.testSavepoint(TypeSerializerSnapshotMigrationITCase.java:136)


https://api.travis-ci.org/v3/job/454926337/log.txt

 

another instance : https://api.travis-ci.org/v3/job/455449903/log.txt