

11:47:18.576 [ERROR] /home/travis/build/apache/flink/flink/flink-tests/src/test/scala/org/apache/flink/api/scala/operators/translation/CoGroupGroupSortTranslationTest.scala:131: error: value foreach is not a member of Object
11:47:18.576 [ERROR]         .apply((a, b, c: Collector[(Long, Long)]) => a.foreach(e => c.collect(e)))
