https://travis-ci.org/apache/flink/jobs/471312261


13:33:58.968 [INFO] Running org.apache.flink.streaming.api.datastream.ReinterpretDataStreamAsKeyedStreamITCase
13:34:08.615 [ERROR] Tests run: 1, Failures: 0, Errors: 1, Skipped: 0, Time elapsed: 9.645 s <<< FAILURE! - in org.apache.flink.streaming.api.datastream.ReinterpretDataStreamAsKeyedStreamITCase
13:34:08.615 [ERROR] testReinterpretAsKeyedStream(org.apache.flink.streaming.api.datastream.ReinterpretDataStreamAsKeyedStreamITCase)  Time elapsed: 9.434 s  <<< ERROR!
org.apache.flink.runtime.client.JobExecutionException: Job execution failed.
	at org.apache.flink.streaming.api.datastream.ReinterpretDataStreamAsKeyedStreamITCase.testReinterpretAsKeyedStream(ReinterpretDataStreamAsKeyedStreamITCase.java:107)
Caused by: java.lang.AssertionError: expected:<300> but was:<301>

