https://travis-ci.org/apache/flink/jobs/480128907



00:16:03.610 [ERROR] Tests run: 1, Failures: 1, Errors: 0, Skipped: 0, Time elapsed: 18.564 s <<< FAILURE! - in org.apache.flink.streaming.connectors.fs.bucketing.BucketingSinkFaultToleranceITCase
00:16:03.611 [ERROR] runCheckpointedProgram(org.apache.flink.streaming.connectors.fs.bucketing.BucketingSinkFaultToleranceITCase)  Time elapsed: 6.99 s  <<< FAILURE!
java.lang.AssertionError: Read line does not match expected pattern.
	at org.apache.flink.streaming.connectors.fs.bucketing.BucketingSinkFaultToleranceITCase.postSubmit(BucketingSinkFaultToleranceITCase.java:182)

