The KafkaITCase.testAllDeletes failed on Travis because it timed out:



12:36:24.782 [ERROR] Errors: 
12:36:24.783 [ERROR]   KafkaITCase.testAllDeletes:131->KafkaConsumerTestBase.runAllDeletesTest:1526->KafkaTestBase.deleteTestTopic:192->Object.wait:-2 Â» TestTimedOut
12:36:24.783 [INFO] 
12:36:24.783 [ERROR] Tests run: 46, Failures: 0, Errors: 1, Skipped: 0



https://api.travis-ci.org/v3/job/511419474/log.txt