

[ERROR] Failed to execute goal org.apache.maven.plugins:maven-compiler-plugin:3.8.0:testCompile (default-testCompile) on project flink-connector-hive_2.11: Compilation failure
[ERROR] /C:/Dev/Repos/flink/flink-connectors/flink-connector-hive/src/test/java/org/apache/flink/batch/connectors/hive/FlinkStandaloneHiveRunner.java:[56,15] package sun.net.www is not visible

