

06:06:00.442 [ERROR] Tests run: 14, Failures: 0, Errors: 1, Skipped: 0, Time elapsed: 42.026 s <<< FAILURE! - in org.apache.flink.table.client.gateway.local.LocalExecutorITCase
06:06:00.443 [ERROR] testUseCatalogAndUseDatabase(org.apache.flink.table.client.gateway.local.LocalExecutorITCase)  Time elapsed: 17.208 s  <<< ERROR!
org.apache.flink.table.client.gateway.SqlExecutionException: Could not create environment instance.
	at org.apache.flink.table.client.gateway.local.LocalExecutorITCase.testUseCatalogAndUseDatabase(LocalExecutorITCase.java:454)
Caused by: org.apache.flink.table.client.gateway.SqlExecutionException: 
Invalid view 'TestView1' with query:
SELECT scalarUDF(IntegerField1) FROM default_catalog.default_database.TableNumber1
Cause: SQL validation failed. From line 1, column 8 to line 1, column 31: No match found for function signature scalarUDF(<NUMERIC>)
	at org.apache.flink.table.client.gateway.local.LocalExecutorITCase.testUseCatalogAndUseDatabase(LocalExecutorITCase.java:454)




Here is an instance: https://api.travis-ci.org/v3/job/559247230/log.txt


This maybe effected by FLINK-13176.