

23:34:44.903 [ERROR] Tests run: 1, Failures: 1, Errors: 0, Skipped: 0, Time elapsed: 0.28 s <<< FAILURE! - in org.apache.flink.runtime.webmonitor.history.HistoryServerStaticFileServerHandlerTest
23:34:44.917 [ERROR] testRespondWithFile(org.apache.flink.runtime.webmonitor.history.HistoryServerStaticFileServerHandlerTest)  Time elapsed: 0.279 s  <<< FAILURE!
java.lang.AssertionError
	at org.apache.flink.runtime.webmonitor.history.HistoryServerStaticFileServerHandlerTest.testRespondWithFile(HistoryServerStaticFileServerHandlerTest.java:66)


https://travis-ci.org/apache/flink/jobs/579264633