The test SystemProcessingTimeServiceTest.testImmediateShutdown failed on Travis with



java.lang.AssertionError: 

Expected: is null
     but: was <java.lang.InterruptedException: sleep interrupted>
	at org.apache.flink.streaming.runtime.tasks.SystemProcessingTimeServiceTest.testImmediateShutdown(SystemProcessingTimeServiceTest.java:196)



https://api.travis-ci.org/v3/job/586514264/log.txt