The HistoryServerTest.testHistoryServerIntegration failed on Travis with



[ERROR] testHistoryServerIntegration[Flink version less than 1.4: false](org.apache.flink.runtime.webmonitor.history.HistoryServerTest)  Time elapsed: 10.667 s  <<< FAILURE!
java.lang.AssertionError: expected:<3> but was:<2>



https://api.travis-ci.org/v3/job/594533358/log.txt