The YarnFileStageTestS3ITCase.testRecursiveUploadForYarnS3n fails on Travis with 



01:41:19.215 [ERROR] testRecursiveUploadForYarnS3n(org.apache.flink.yarn.YarnFileStageTestS3ITCase)  Time elapsed: 6.891 s  <<< FAILURE!
java.lang.AssertionError: 

Expected: <{1=Hello 1, 2=Hello 2, nested/4/5=Hello nested/4/5, test.jar=JAR Content, nested/3=Hello nested/3}>
     but: was <{1=Hello 1, 2=Hello 2, nested/4/5=Hello nested/4/5, test.jar=JAR Content}>
	at org.apache.flink.yarn.YarnFileStageTestS3ITCase.testRecursiveUploadForYarn(YarnFileStageTestS3ITCase.java:159)
	at org.apache.flink.yarn.YarnFileStageTestS3ITCase.testRecursiveUploadForYarnS3n(YarnFileStageTestS3ITCase.java:177)



https://api.travis-ci.org/v3/job/598412139/log.txt