21:50:11.821 [ERROR] Tests run: 14, Failures: 0, Errors: 1, Skipped: 0, Time elapsed: 14.538 s <<< FAILURE! - in org.apache.flink.runtime.io.network.buffer.NetworkBufferPoolTest 21:50:11.828 [ERROR] testBlockingRequestFromMultiLocalBufferPool(org.apache.flink.runtime.io.network.buffer.NetworkBufferPoolTest) Time elapsed: 10.01 s <<< ERROR! org.junit.runners.model.TestTimedOutException: test timed out after 10000 milliseconds at org.apache.flink.runtime.io.network.buffer.NetworkBufferPoolTest.testBlockingRequestFromMultiLocalBufferPool(NetworkBufferPoolTest.java:713)

 

see: https://api.travis-ci.org/v3/job/607303537/log.txt