The "handle job with an occasionally failing sender vertex" test of the JobManagerITCase failed once during one of my Travis builds with the following error:


Tests run: 14, Failures: 1, Errors: 0, Skipped: 0, Time elapsed: 1,220.566 sec <<< FAILURE! - in org.apache.flink.runtime.jobmanager.JobManagerITCase
The JobManager actor must handle job with an occasionally failing sender vertex(org.apache.flink.runtime.jobmanager.JobManagerITCase)  Time elapsed: 1,200.298 sec  <<< FAILURE!
java.lang.AssertionError: assertion failed: timeout (1199987201586 nanoseconds) during expectMsgClass waiting for class org.apache.flink.runtime.messages.JobManagerMessages$JobResultFailed
	at scala.Predef$.assert(Predef.scala:179)
	at akka.testkit.TestKitBase$class.expectMsgClass_internal(TestKit.scala:412)
	at akka.testkit.TestKitBase$class.expectMsgType(TestKit.scala:385)
	at akka.testkit.TestKit.expectMsgType(TestKit.scala:707)
	at org.apache.flink.runtime.jobmanager.JobManagerITCase$$anonfun$1$$anonfun$apply$mcV$sp$16$$anonfun$apply$mcV$sp$26.apply(JobManagerITCase.scala:389)
	at org.apache.flink.runtime.jobmanager.JobManagerITCase$$anonfun$1$$anonfun$apply$mcV$sp$16$$anonfun$apply$mcV$sp$26.apply(JobManagerITCase.scala:386)
	at akka.testkit.TestKitBase$class.within(TestKit.scala:295)
	at akka.testkit.TestKit.within(TestKit.scala:707)
	at akka.testkit.TestKitBase$class.within(TestKit.scala:309)
	at akka.testkit.TestKit.within(TestKit.scala:707)
	at org.apache.flink.runtime.jobmanager.JobManagerITCase$$anonfun$1$$anonfun$apply$mcV$sp$16.apply$mcV$sp(JobManagerITCase.scala:386)
	at org.apache.flink.runtime.jobmanager.JobManagerITCase$$anonfun$1$$anonfun$apply$mcV$sp$16.apply(JobManagerITCase.scala:362)
	at org.apache.flink.runtime.jobmanager.JobManagerITCase$$anonfun$1$$anonfun$apply$mcV$sp$16.apply(JobManagerITCase.scala:362)
	at org.scalatest.Transformer$$anonfun$apply$1.apply$mcV$sp(Transformer.scala:22)
	at org.scalatest.OutcomeOf$class.outcomeOf(OutcomeOf.scala:85)
	at org.scalatest.OutcomeOf$.outcomeOf(OutcomeOf.scala:104)
	at org.scalatest.Transformer.apply(Transformer.scala:22)
	at org.scalatest.Transformer.apply(Transformer.scala:20)
	at org.scalatest.WordSpecLike$$anon$1.apply(WordSpecLike.scala:953)
	at org.scalatest.Suite$class.withFixture(Suite.scala:1122)
	at org.apache.flink.runtime.jobmanager.JobManagerITCase.withFixture(JobManagerITCase.scala:37)
Results :
Failed tests: 
  JobManagerITCase.run:37->org$scalatest$BeforeAndAfterAll$$super$run:37->org$scalatest$WordSpecLike$$super$run:37->runTests:37->runTest:37->withFixture:37->TestKit.within:707->TestKit.within:707->TestKit.expectMsgType:707 assertion failed: timeout (1199987201586 nanoseconds) during expectMsgClass waiting for class org.apache.flink.runtime.messages.JobManagerMessages$JobResultFailed

