Recent changes in FLINK-14926 caused:


[ERROR] COMPILATION ERROR : 
[INFO] -------------------------------------------------------------
[ERROR] /home/jenkins/workspace/flink-master-benchmarks/flink-benchmarks/src/main/java/org/apache/flink/state/benchmark/BackendUtils.java:[61,57] cannot infer type arguments for org.apache.flink.contrib.streaming.state.RocksDBKeyedStateBackendBuilder<>
[INFO] 1 error
[INFO] -------------------------------------------------------------
[INFO] ------------------------------------------------------------------------
[INFO] BUILD FAILURE
[INFO] ------------------------------------------------------------------------
[INFO] Total time: 2.635 s
[INFO] Finished at: 2019-12-11T14:58:37+01:00
[INFO] Final Memory: 31M/751M
[INFO] ------------------------------------------------------------------------
[ERROR] Failed to execute goal org.apache.maven.plugins:maven-compiler-plugin:3.1:compile (default-compile) on project flink-hackathon-benchmarks: Compilation failure
[ERROR] /home/jenkins/workspace/flink-master-benchmarks/flink-benchmarks/src/main/java/org/apache/flink/state/benchmark/BackendUtils.java:[61,57] cannot infer type arguments for org.apache.flink.contrib.streaming.state.RocksDBKeyedStateBackendBuilder<>

