https://api.travis-ci.org/v3/job/634712405/log.txt


13:16:19.144 [ERROR] Tests run: 11, Failures: 1, Errors: 0, Skipped: 0, Time elapsed: 4.338 s <<< FAILURE! - in org.apache.flink.streaming.connectors.kinesis.FlinkKinesisConsumerTest
13:16:19.144 [ERROR] testSourceSynchronization(org.apache.flink.streaming.connectors.kinesis.FlinkKinesisConsumerTest)  Time elapsed: 1.001 s  <<< FAILURE!
java.lang.AssertionError: expected null, but was:<java.lang.RuntimeException: expected>
	at org.apache.flink.streaming.connectors.kinesis.FlinkKinesisConsumerTest.testSourceSynchronization(FlinkKinesisConsumerTest.java:1018)

