LastValueAggFunctionWithOrderTest failed to compile in latest release-1.10 nightly build with below error:


03:02:41.792 [INFO] -------------------------------------------------------------
03:02:41.792 [ERROR] COMPILATION ERROR : 
03:02:41.792 [INFO] -------------------------------------------------------------
03:02:41.792 [ERROR] /home/travis/build/apache/flink/flink-table/flink-table-planner-blink/src/test/java/org/apache/flink/table/planner/functions/aggfunctions/LastValueAggFunctionWithOrderTest.java:[78,37] incompatible types: inference variable T has incompatible bounds
    equality constraints: N,java.lang.Byte,N,T,T,T,T,org.apache.flink.table.dataformat.BinaryString,T,T
    lower bounds: java.lang.Byte,org.apache.flink.table.dataformat.BinaryString



https://api.travis-ci.org/v3/job/639573134/log.txt