https://api.travis-ci.org/v3/job/643480766/log.txt



08:06:17.382 [ERROR] Tests run: 5, Failures: 1, Errors: 0, Skipped: 0, Time elapsed: 1.812 s <<< FAILURE! - in org.apache.flink.streaming.runtime.operators.StreamSourceOperatorWatermarksTest
08:06:17.382 [ERROR] testNoMaxWatermarkOnAsyncCancel(org.apache.flink.streaming.runtime.operators.StreamSourceOperatorWatermarksTest)  Time elapsed: 0.235 s  <<< FAILURE!
java.lang.AssertionError
	at org.apache.flink.streaming.runtime.operators.StreamSourceOperatorWatermarksTest.testNoMaxWatermarkOnAsyncCancel(StreamSourceOperatorWatermarksTest.java:127)

