Logs: https://dev.azure.com/rmetzger/Flink/_build/results?buildId=5883&view=logs&j=b1623ac9-0979-5b0d-2e5e-1377d695c991&t=e7804547-1789-5225-2bcf-269eeaa37447



[INFO] Running org.apache.flink.metrics.prometheus.tests.PrometheusReporterEndToEndITCase
[ERROR] Tests run: 1, Failures: 0, Errors: 1, Skipped: 0, Time elapsed: 0.005 s <<< FAILURE! - in org.apache.flink.metrics.prometheus.tests.PrometheusReporterEndToEndITCase
[ERROR] testReporter(org.apache.flink.metrics.prometheus.tests.PrometheusReporterEndToEndITCase)  Time elapsed: 0.005 s  <<< ERROR!
java.lang.NoClassDefFoundError: org/apache/flink/runtime/rest/messages/RequestBody
	at org.apache.flink.metrics.prometheus.tests.PrometheusReporterEndToEndITCase.<init>(PrometheusReporterEndToEndITCase.java:119)
Caused by: java.lang.ClassNotFoundException: org.apache.flink.runtime.rest.messages.RequestBody
	at org.apache.flink.metrics.prometheus.tests.PrometheusReporterEndToEndITCase.<init>(PrometheusReporterEndToEndITCase.java:119)

[INFO] 


