https://api.travis-ci.org/v3/job/658689600/log.txt



18:28:12.711 [INFO] Running org.apache.flink.metrics.prometheus.tests.PrometheusReporterEndToEndITCase
18:28:12.725 [ERROR] Tests run: 1, Failures: 0, Errors: 1, Skipped: 0, Time elapsed: 0.007 s <<< FAILURE! - in org.apache.flink.metrics.prometheus.tests.PrometheusReporterEndToEndITCase
18:28:12.725 [ERROR] testReporter(org.apache.flink.metrics.prometheus.tests.PrometheusReporterEndToEndITCase)  Time elapsed: 0.006 s  <<< ERROR!
java.lang.NoClassDefFoundError: org/apache/flink/runtime/rest/messages/RequestBody
	at org.apache.flink.metrics.prometheus.tests.PrometheusReporterEndToEndITCase.<init>(PrometheusReporterEndToEndITCase.java:119)
Caused by: java.lang.ClassNotFoundException: org.apache.flink.runtime.rest.messages.RequestBody
	at org.apache.flink.metrics.prometheus.tests.PrometheusReporterEndToEndITCase.<init>(PrometheusReporterEndToEndITCase.java:119)

