Runing this test from master gives me:


[ERROR] Failures:
[ERROR]   MemorySizeTest.testToHumanReadableString:242
Expected: is "1.001kb (1025 bytes)"
     but: was "1,001kb (1025 bytes)"
[INFO]



The test is not locale-portable.