CI: https://dev.azure.com/apache-flink/apache-flink/_build/results?buildId=1343&view=logs&j=961f8f81-6b52-53df-09f6-7291a2e4af6a&t=2f99feaa-7a9b-5916-4c1c-5e61f395079e



[ERROR] Tests run: 3, Failures: 1, Errors: 0, Skipped: 0, Time elapsed: 34.079 s <<< FAILURE! - in org.apache.flink.fs.s3hadoop.HadoopS3FileSystemITCase
[ERROR] org.apache.flink.fs.s3hadoop.HadoopS3FileSystemITCase  Time elapsed: 21.334 s  <<< FAILURE!
java.lang.AssertionError
	at org.junit.Assert.fail(Assert.java:86)
	at org.junit.Assert.assertTrue(Assert.java:41)
	at org.junit.Assert.assertFalse(Assert.java:64)
	at org.junit.Assert.assertFalse(Assert.java:74)
	at org.apache.flink.runtime.fs.hdfs.AbstractHadoopFileSystemITTest.cleanupDirectoryWithRetry(AbstractHadoopFileSystemITTest.java:162)
	at org.apache.flink.runtime.fs.hdfs.AbstractHadoopFileSystemITTest.teardown(AbstractHadoopFileSystemITTest.java:149)
	at sun.reflect.NativeMethodAccessorImpl.invoke0(Native Method)
	at sun.reflect.NativeMethodAccessorImpl.invoke(NativeMethodAccessorImpl.java:62)
	at sun.reflect.DelegatingMethodAccessorImpl.invoke(DelegatingMethodAccessorImpl.java:43)
	at java.lang.reflect.Method.invoke(Method.java:498)
	at org.junit.runners.model.FrameworkMethod$1.runReflectiveCall(FrameworkMethod.java:50)
	at org.junit.internal.runners.model.ReflectiveCallable.run(ReflectiveCallable.java:12)
	at org.junit.runners.model.FrameworkMethod.invokeExplosively(FrameworkMethod.java:47)
	at org.junit.internal.runners.statements.RunAfters.evaluate(RunAfters.java:33)
	at org.junit.runners.ParentRunner.run(ParentRunner.java:363)
	at org.apache.maven.surefire.junit4.JUnit4Provider.execute(JUnit4Provider.java:365)
	at org.apache.maven.surefire.junit4.JUnit4Provider.executeWithRerun(JUnit4Provider.java:273)
	at org.apache.maven.surefire.junit4.JUnit4Provider.executeTestSet(JUnit4Provider.java:238)
	at org.apache.maven.surefire.junit4.JUnit4Provider.invoke(JUnit4Provider.java:159)
	at org.apache.maven.surefire.booter.ForkedBooter.invokeProviderInSameClassLoader(ForkedBooter.java:384)
	at org.apache.maven.surefire.booter.ForkedBooter.runSuitesInProcess(ForkedBooter.java:345)
	at org.apache.maven.surefire.booter.ForkedBooter.execute(ForkedBooter.java:126)
	at org.apache.maven.surefire.booter.ForkedBooter.main(ForkedBooter.java:418)

