https://dev.azure.com/apache-flink/apache-flink/_build/results?buildId=3582&view=logs&j=5c8e7682-d68f-54d1-16a2-a09310218a49&t=f508e270-48d6-5f1e-3138-42a17e0714f0



[ERROR] Errors: 
[ERROR]   NotifyCheckpointAbortedITCase.testNotifyCheckpointAborted:182->verifyAllOperatorsNotifyAborted:195->Object.wait:502->Object.wait:-2 Â» TestTimedOut



CC Yun Tang