https://dev.azure.com/apache-flink/apache-flink/_build/results?buildId=3983&view=logs&s=9fca669f-5c5f-59c7-4118-e31c641064f0&j=6caf31d6-847a-526e-9624-468e053467d6



[INFO] Running org.apache.flink.tests.util.hbase.SQLClientHBaseITCase
2020-06-23T23:07:01.9393979Z [ERROR] Tests run: 1, Failures: 0, Errors: 1, Skipped: 0, Time elapsed: 43.277 s <<< FAILURE! - in org.apache.flink.tests.util.hbase.SQLClientHBaseITCase
2020-06-23T23:07:01.9397602Z [ERROR] testHBase(org.apache.flink.tests.util.hbase.SQLClientHBaseITCase)  Time elapsed: 43.276 s  <<< ERROR!
2020-06-23T23:07:01.9398196Z java.io.IOException: 
2020-06-23T23:07:01.9399343Z Process execution failed due error. Error output:OpenJDK 64-Bit Server VM warning: Option UseConcMarkSweepGC was deprecated in version 9.0 and will likely be removed in a future release.
2020-06-23T23:07:01.9400131Z WARNING: An illegal reflective access operation has occurred
2020-06-23T23:07:01.9401440Z WARNING: Illegal reflective access by org.jruby.java.invokers.RubyToJavaInvoker (file:/tmp/junit3131433123777334326/hbase/lib/jruby-complete-1.6.8.jar) to method java.lang.Object.registerNatives()
2020-06-23T23:07:01.9402282Z WARNING: Please consider reporting this to the maintainers of org.jruby.java.invokers.RubyToJavaInvoker
2020-06-23T23:07:01.9403191Z WARNING: Use --illegal-access=warn to enable warnings of further illegal reflective access operations
2020-06-23T23:07:01.9403798Z WARNING: All illegal access operations will be denied in a future release
2020-06-23T23:07:01.9404516Z ArgumentError: wrong number of arguments (0 for 1)
2020-06-23T23:07:01.9405477Z   method_added at file:/tmp/junit3131433123777334326/hbase/lib/jruby-complete-1.6.8.jar!/builtin/javasupport/core_ext/object.rb:10
2020-06-23T23:07:01.9406654Z   method_added at file:/tmp/junit3131433123777334326/hbase/lib/jruby-complete-1.6.8.jar!/builtin/javasupport/core_ext/object.rb:129
2020-06-23T23:07:01.9407831Z        Pattern at file:/tmp/junit3131433123777334326/hbase/lib/jruby-complete-1.6.8.jar!/builtin/java/java.util.regex.rb:2
2020-06-23T23:07:01.9408979Z         (root) at file:/tmp/junit3131433123777334326/hbase/lib/jruby-complete-1.6.8.jar!/builtin/java/java.util.regex.rb:1
2020-06-23T23:07:01.9409598Z        require at org/jruby/RubyKernel.java:1062
2020-06-23T23:07:01.9410469Z         (root) at file:/tmp/junit3131433123777334326/hbase/lib/jruby-complete-1.6.8.jar!/builtin/java/java.util.regex.rb:42
2020-06-23T23:07:01.9411122Z         (root) at /tmp/junit3131433123777334326/hbase/bin/../bin/hirb.rb:38
2020-06-23T23:07:01.9411481Z 
2020-06-23T23:07:01.9411996Z 	at org.apache.flink.tests.util.AutoClosableProcess$AutoClosableProcessBuilder.runBlocking(AutoClosableProcess.java:127)
2020-06-23T23:07:01.9412745Z 	at org.apache.flink.tests.util.AutoClosableProcess$AutoClosableProcessBuilder.runBlocking(AutoClosableProcess.java:108)
2020-06-23T23:07:01.9413515Z 	at org.apache.flink.tests.util.hbase.LocalStandaloneHBaseResource.executeHBaseShell(LocalStandaloneHBaseResource.java:188)
2020-06-23T23:07:01.9414502Z 	at org.apache.flink.tests.util.hbase.LocalStandaloneHBaseResource.executeHBaseShell(LocalStandaloneHBaseResource.java:179)
2020-06-23T23:07:01.9415198Z 	at org.apache.flink.tests.util.hbase.LocalStandaloneHBaseResource.createTable(LocalStandaloneHBaseResource.java:158)
2020-06-23T23:07:01.9415865Z 	at org.apache.flink.tests.util.hbase.SQLClientHBaseITCase.testHBase(SQLClientHBaseITCase.java:117)
2020-06-23T23:07:01.9416428Z 	at java.base/jdk.internal.reflect.NativeMethodAccessorImpl.invoke0(Native Method)
2020-06-23T23:07:01.9416990Z 	at java.base/jdk.internal.reflect.NativeMethodAccessorImpl.invoke(NativeMethodAccessorImpl.java:62)
2020-06-23T23:07:01.9417635Z 	at java.base/jdk.internal.reflect.DelegatingMethodAccessorImpl.invoke(DelegatingMethodAccessorImpl.java:43)
2020-06-23T23:07:01.9419058Z 	at java.base/java.lang.reflect.Method.invoke(Method.java:566)
2020-06-23T23:07:01.9420497Z 	at org.junit.runners.model.FrameworkMethod$1.runReflectiveCall(FrameworkMethod.java:50)
2020-06-23T23:07:01.9421198Z 	at org.junit.internal.runners.model.ReflectiveCallable.run(ReflectiveCallable.java:12)
2020-06-23T23:07:01.9421729Z 	at org.junit.runners.model.FrameworkMethod.invokeExplosively(FrameworkMethod.java:47)
2020-06-23T23:07:01.9422220Z 	at org.junit.internal.runners.statements.InvokeMethod.evaluate(InvokeMethod.java:17)
2020-06-23T23:07:01.9422716Z 	at org.junit.internal.runners.statements.RunBefores.evaluate(RunBefores.java:26)
2020-06-23T23:07:01.9423270Z 	at org.apache.flink.util.ExternalResource$1.evaluate(ExternalResource.java:48)
2020-06-23T23:07:01.9423743Z 	at org.apache.flink.util.ExternalResource$1.evaluate(ExternalResource.java:48)
2020-06-23T23:07:01.9424409Z 	at org.junit.rules.ExternalResource$1.evaluate(ExternalResource.java:48)
2020-06-23T23:07:01.9424797Z 	at org.junit.rules.TestWatcher$1.evaluate(TestWatcher.java:55)
2020-06-23T23:07:01.9425165Z 	at org.junit.rules.RunRules.evaluate(RunRules.java:20)
2020-06-23T23:07:01.9425525Z 	at org.junit.runners.ParentRunner.runLeaf(ParentRunner.java:325)
2020-06-23T23:07:01.9426581Z 	at org.junit.runners.BlockJUnit4ClassRunner.runChild(BlockJUnit4ClassRunner.java:78)
2020-06-23T23:07:01.9427164Z 	at org.junit.runners.BlockJUnit4ClassRunner.runChild(BlockJUnit4ClassRunner.java:57)
2020-06-23T23:07:01.9427599Z 	at org.junit.runners.ParentRunner$3.run(ParentRunner.java:290)
2020-06-23T23:07:01.9427990Z 	at org.junit.runners.ParentRunner$1.schedule(ParentRunner.java:71)
2020-06-23T23:07:01.9428625Z 	at org.junit.runners.ParentRunner.runChildren(ParentRunner.java:288)
2020-06-23T23:07:01.9429051Z 	at org.junit.runners.ParentRunner.access$000(ParentRunner.java:58)
2020-06-23T23:07:01.9429435Z 	at org.junit.runners.ParentRunner$2.evaluate(ParentRunner.java:268)
2020-06-23T23:07:01.9429860Z 	at org.apache.flink.util.ExternalResource$1.evaluate(ExternalResource.java:48)
2020-06-23T23:07:01.9430242Z 	at org.junit.rules.RunRules.evaluate(RunRules.java:20)
2020-06-23T23:07:01.9430606Z 	at org.junit.runners.ParentRunner.run(ParentRunner.java:363)
2020-06-23T23:07:01.9430969Z 	at org.junit.runners.Suite.runChild(Suite.java:128)
2020-06-23T23:07:01.9431423Z 	at org.junit.runners.Suite.runChild(Suite.java:27)
2020-06-23T23:07:01.9431797Z 	at org.junit.runners.ParentRunner$3.run(ParentRunner.java:290)
2020-06-23T23:07:01.9432200Z 	at org.junit.runners.ParentRunner$1.schedule(ParentRunner.java:71)
2020-06-23T23:07:01.9432842Z 	at org.junit.runners.ParentRunner.runChildren(ParentRunner.java:288)
2020-06-23T23:07:01.9433256Z 	at org.junit.runners.ParentRunner.access$000(ParentRunner.java:58)
2020-06-23T23:07:01.9457247Z 	at org.junit.runners.ParentRunner$2.evaluate(ParentRunner.java:268)
2020-06-23T23:07:01.9457625Z 	at org.junit.runners.ParentRunner.run(ParentRunner.java:363)
2020-06-23T23:07:01.9457986Z 	at org.apache.maven.surefire.junitcore.JUnitCore.run(JUnitCore.java:55)
2020-06-23T23:07:01.9458436Z 	at org.apache.maven.surefire.junitcore.JUnitCoreWrapper.createRequestAndRun(JUnitCoreWrapper.java:137)
2020-06-23T23:07:01.9458926Z 	at org.apache.maven.surefire.junitcore.JUnitCoreWrapper.executeEager(JUnitCoreWrapper.java:107)
2020-06-23T23:07:01.9459396Z 	at org.apache.maven.surefire.junitcore.JUnitCoreWrapper.execute(JUnitCoreWrapper.java:83)
2020-06-23T23:07:01.9459853Z 	at org.apache.maven.surefire.junitcore.JUnitCoreWrapper.execute(JUnitCoreWrapper.java:75)
2020-06-23T23:07:01.9460299Z 	at org.apache.maven.surefire.junitcore.JUnitCoreProvider.invoke(JUnitCoreProvider.java:158)
2020-06-23T23:07:01.9460785Z 	at org.apache.maven.surefire.booter.ForkedBooter.invokeProviderInSameClassLoader(ForkedBooter.java:384)
2020-06-23T23:07:01.9461411Z 	at org.apache.maven.surefire.booter.ForkedBooter.runSuitesInProcess(ForkedBooter.java:345)
2020-06-23T23:07:01.9461898Z 	at org.apache.maven.surefire.booter.ForkedBooter.execute(ForkedBooter.java:126)
2020-06-23T23:07:01.9462483Z 	at org.apache.maven.surefire.booter.ForkedBooter.main(ForkedBooter.java:418)

