Following output seen occasionally: 

Tests run: 3, Failures: 1, Errors: 0, Skipped: 0, Time elapsed: 3.667 sec <<< FAILURE! - in org.apache.flink.streaming.api.IterateTest
test(org.apache.flink.streaming.api.IterateTest)  Time elapsed: 3.662 sec  <<< FAILURE!
java.lang.AssertionError: null
	at org.junit.Assert.fail(Assert.java:86)
	at org.junit.Assert.assertTrue(Assert.java:41)
	at org.junit.Assert.assertTrue(Assert.java:52)
	at org.apache.flink.streaming.api.IterateTest.test(IterateTest.java:154)

See: https://travis-ci.org/mbalassi/flink/jobs/65803465