The BufferSpillerTest failed with the following error:

org.apache.flink.streaming.runtime.io.BufferSpillerTest
testSpillWhileReading(org.apache.flink.streaming.runtime.io.BufferSpillerTest)  Time elapsed: 3.28 sec  <<< FAILURE!
java.lang.AssertionError: wrong buffer contents expected:<0> but was:<58>
	at org.junit.Assert.fail(Assert.java:88)
	at org.junit.Assert.failNotEquals(Assert.java:743)
	at org.junit.Assert.assertEquals(Assert.java:118)
	at org.junit.Assert.assertEquals(Assert.java:555)
	at org.apache.flink.streaming.runtime.io.BufferSpillerTest.validateBuffer(BufferSpillerTest.java:290)
	at org.apache.flink.streaming.runtime.io.BufferSpillerTest.access$200(BufferSpillerTest.java:42)