The error message


Tests run: 1, Failures: 1, Errors: 0, Skipped: 0, Time elapsed: 47.301 sec <<< FAILURE! - in org.apache.flink.test.checkpointing.PartitionedStateCheckpointingITCase
runCheckpointedProgram(org.apache.flink.test.checkpointing.PartitionedStateCheckpointingITCase)  Time elapsed: 42.495 sec  <<< FAILURE!
java.lang.AssertionError: expected:<866789000000> but was:<3467156>
	at org.junit.Assert.fail(Assert.java:88)
	at org.junit.Assert.failNotEquals(Assert.java:743)
	at org.junit.Assert.assertEquals(Assert.java:118)
	at org.junit.Assert.assertEquals(Assert.java:144)
	at org.apache.flink.test.checkpointing.PartitionedStateCheckpointingITCase.runCheckpointedProgram(PartitionedStateCheckpointingITCase.java:117)



The detailed CI logs

https://s3.amazonaws.com/archive.travis-ci.org/jobs/73928480/log.txt