This test https://travis-ci.org/apache/flink/jobs/76305055
failed with:

Results :

Tests in error: 
  PartialConsumePipelinedResultTest.setUp:59 Â» Configuration Could not start log...
  PartialConsumePipelinedResultTest.tearDown:66 NullPointer



and

Running org.apache.flink.runtime.io.network.partition.PartialConsumePipelinedResultTest
error while starting up loggers
akka.ConfigurationException: Logger specified in config can't be loaded [akka.event.slf4j.Slf4jLogger] due to [akka.event.Logging$LoggerInitializationException: Logger log1-Slf4jLogger did not respond with LoggerInitialized, sent instead [TIMEOUT]]
	at akka.event.LoggingBus$$anonfun$4$$anonfun$apply$1.applyOrElse(Logging.scala:116)
	at akka.event.LoggingBus$$anonfun$4$$anonfun$apply$1.applyOrElse(Logging.scala:115)
	at scala.runtime.AbstractPartialFunction.apply(AbstractPartialFunction.scala:36)
	at scala.util.Failure$$anonfun$recover$1.apply(Try.scala:215)
	at scala.util.Try$.apply(Try.scala:191)
	at scala.util.Failure.recover(Try.scala:215)
	at akka.event.LoggingBus$$anonfun$4.apply(Logging.scala:115)
	at akka.event.LoggingBus$$anonfun$4.apply(Logging.scala:110)
	at scala.collection.TraversableLike$WithFilter$$anonfun$map$2.apply(TraversableLike.scala:728)
	at scala.collection.Iterator$class.foreach(Iterator.scala:743)
	at scala.collection.AbstractIterator.foreach(Iterator.scala:1195)
	at scala.collection.IterableLike$class.foreach(IterableLike.scala:72)
	at scala.collection.AbstractIterable.foreach(Iterable.scala:54)
	at scala.collection.TraversableLike$WithFilter.map(TraversableLike.scala:727)
	at akka.event.LoggingBus$class.startDefaultLoggers(Logging.scala:110)
	at akka.event.EventStream.startDefaultLoggers(EventStream.scala:26)
	at akka.actor.LocalActorRefProvider.init(ActorRefProvider.scala:622)
	at akka.actor.ActorSystemImpl.liftedTree2$1(ActorSystem.scala:619)
	at akka.actor.ActorSystemImpl._start$lzycompute(ActorSystem.scala:616)
	at akka.actor.ActorSystemImpl._start(ActorSystem.scala:616)
	at akka.actor.ActorSystemImpl.start(ActorSystem.scala:633)
	at akka.actor.ActorSystem$.apply(ActorSystem.scala:142)
	at akka.actor.ActorSystem$.apply(ActorSystem.scala:119)
	at akka.actor.ActorSystem$.create(ActorSystem.scala:67)
	at org.apache.flink.runtime.akka.AkkaUtils$.createActorSystem(AkkaUtils.scala:82)
	at org.apache.flink.runtime.minicluster.FlinkMiniCluster.startJobManagerActorSystem(FlinkMiniCluster.scala:122)
	at org.apache.flink.runtime.minicluster.FlinkMiniCluster.<init>(FlinkMiniCluster.scala:78)
	at org.apache.flink.runtime.testingUtils.TestingCluster.<init>(TestingCluster.scala:43)
	at org.apache.flink.runtime.testingUtils.TestingCluster.<init>(TestingCluster.scala:51)
	at org.apache.flink.runtime.testingUtils.TestingCluster.<init>(TestingCluster.scala:54)
	at org.apache.flink.runtime.io.network.partition.PartialConsumePipelinedResultTest.setUp(PartialConsumePipelinedResultTest.java:59)
	at sun.reflect.NativeMethodAccessorImpl.invoke0(Native Method)
	at sun.reflect.NativeMethodAccessorImpl.invoke(NativeMethodAccessorImpl.java:57)
	at sun.reflect.DelegatingMethodAccessorImpl.invoke(DelegatingMethodAccessorImpl.java:43)
	at java.lang.reflect.Method.invoke(Method.java:606)
	at org.junit.runners.model.FrameworkMethod$1.runReflectiveCall(FrameworkMethod.java:47)
	at org.junit.internal.runners.model.ReflectiveCallable.run(ReflectiveCallable.java:12)
	at org.junit.runners.model.FrameworkMethod.invokeExplosively(FrameworkMethod.java:44)
	at org.junit.internal.runners.statements.RunBefores.evaluate(RunBefores.java:24)
	at org.junit.internal.runners.statements.RunAfters.evaluate(RunAfters.java:27)
	at org.junit.runners.ParentRunner.run(ParentRunner.java:309)
	at org.apache.maven.surefire.junit4.JUnit4Provider.execute(JUnit4Provider.java:264)
	at org.apache.maven.surefire.junit4.JUnit4Provider.executeTestSet(JUnit4Provider.java:153)
	at org.apache.maven.surefire.junit4.JUnit4Provider.invoke(JUnit4Provider.java:124)
	at org.apache.maven.surefire.booter.ForkedBooter.invokeProviderInSameClassLoader(ForkedBooter.java:200)
	at org.apache.maven.surefire.booter.ForkedBooter.runSuitesInProcess(ForkedBooter.java:153)
	at org.apache.maven.surefire.booter.ForkedBooter.main(ForkedBooter.java:103)
Caused by: akka.event.Logging$LoggerInitializationException: Logger log1-Slf4jLogger did not respond with LoggerInitialized, sent instead [TIMEOUT]
	at akka.event.LoggingBus$class.akka$event$LoggingBus$$addLogger(Logging.scala:185)
	at akka.event.LoggingBus$$anonfun$4$$anonfun$apply$4.apply(Logging.scala:114)
	at akka.event.LoggingBus$$anonfun$4$$anonfun$apply$4.apply(Logging.scala:113)
	at scala.util.Success$$anonfun$map$1.apply(Try.scala:236)
	at scala.util.Try$.apply(Try.scala:191)
	at scala.util.Success.map(Try.scala:236)
	at akka.event.LoggingBus$$anonfun$4.apply(Logging.scala:113)
	... 40 more

