
Tests run: 17, Failures: 1, Errors: 0, Skipped: 0, Time elapsed: 15.943 sec <<< FAILURE! - in org.apache.flink.api.java.sampling.	
testPoissonSamplerFraction(org.apache.flink.api.java.sampling.RandomSamplerTest) Time elapsed: 0.017 sec <<< FAILURE!
java.lang.AssertionError: expected fraction: 0.010000, result fraction: 0.011300
at org.junit.Assert.fail(Assert.java:88)
at org.junit.Assert.assertTrue(Assert.java:41)
at org.apache.flink.api.java.sampling.RandomSamplerTest.verifySamplerFraction(RandomSamplerTest.java:249)
at org.apache.flink.api.java.sampling.RandomSamplerTest.testPoissonSamplerFraction(RandomSamplerTest.java:116)

Results :
Failed tests:
Successfully installed excon-0.33.0
RandomSamplerTest.testPoissonSamplerFraction:116->verifySamplerFraction:249 expected fraction: 0.010000, result fraction: 0.011300



Full log: https://travis-ci.org/apache/flink/jobs/76720572