
Tests run: 2, Failures: 1, Errors: 0, Skipped: 0, Time elapsed: 0.015 sec <<< FAILURE! - in org.apache.flink.runtime.taskmanager.TaskAsyncCallTest
testCheckpointCallsInOrder(org.apache.flink.runtime.taskmanager.TaskAsyncCallTest) Time elapsed: 0.009 sec <<< FAILURE!
java.lang.AssertionError: expected:<RUNNING> but was:<FINISHED>
at org.junit.Assert.fail(Assert.java:88)
at org.junit.Assert.failNotEquals(Assert.java:743)
at org.junit.Assert.assertEquals(Assert.java:118)
at org.junit.Assert.assertEquals(Assert.java:144)
at org.apache.flink.runtime.taskmanager.TaskAsyncCallTest.testCheckpointCallsInOrder(TaskAsyncCallTest.java:92)



See here for Travis log: https://travis-ci.org/apache/flink/jobs/77313445