I observed a test failure in this run: https://travis-ci.org/rmetzger/flink/jobs/81571914

testZooKeeperReelection(org.apache.flink.runtime.leaderelection.ZooKeeperLeaderElectionTest)  Time elapsed: 109.794 sec  <<< FAILURE!
java.lang.AssertionError: expected:<d6e0ee70-5192-4d44-8989-09f8425feecc> but was:<null>
	at org.junit.Assert.fail(Assert.java:88)
	at org.junit.Assert.failNotEquals(Assert.java:743)
	at org.junit.Assert.assertEquals(Assert.java:118)
	at org.junit.Assert.assertEquals(Assert.java:144)
	at org.apache.flink.runtime.leaderelection.ZooKeeperLeaderElectionTest.testZooKeeperReelection(ZooKeeperLeaderElectionTest.java:171)


Results :

Failed tests: 
  ZooKeeperLeaderElectionTest.testZooKeeperReelection:171 expected:<d6e0ee70-5192-4d44-8989-09f8425feecc> but was:<null>

