https://travis-ci.org/apache/flink/jobs/84479912

Tests run: 8, Failures: 1, Errors: 0, Skipped: 0, Time elapsed: 16.592 sec <<< FAILURE! - in org.apache.flink.streaming.timestamp.TimestampITCase
testWatermarkPropagation(org.apache.flink.streaming.timestamp.TimestampITCase)  Time elapsed: 3.747 sec  <<< FAILURE!
java.lang.AssertionError: Wrong watermark.
	at org.junit.Assert.fail(Assert.java:88)
	at org.apache.flink.streaming.timestamp.TimestampITCase.testWatermarkPropagation(TimestampITCase.java:163)

