https://travis-ci.org/mjsax/flink/jobs/87181219


Tests run: 11, Failures: 1, Errors: 0, Skipped: 0, Time elapsed: 6.277 sec <<< FAILURE! - in org.apache.flink.streaming.runtime.operators.windowing.AccumulatingAlignedProcessingTimeWindowOperatorTest

checkpointRestoreWithPendingWindowTumbling(org.apache.flink.streaming.runtime.operators.windowing.AccumulatingAlignedProcessingTimeWindowOperatorTest)  Time elapsed: 1.511 sec  <<< FAILURE!
java.lang.AssertionError: expected:<1000> but was:<1001>
	at org.junit.Assert.fail(Assert.java:88)
	at org.junit.Assert.failNotEquals(Assert.java:743)
	at org.junit.Assert.assertEquals(Assert.java:118)
	at org.junit.Assert.assertEquals(Assert.java:555)
	at org.junit.Assert.assertEquals(Assert.java:542)
	at org.apache.flink.streaming.runtime.operators.windowing.AccumulatingAlignedProcessingTimeWindowOperatorTest.checkpointRestoreWithPendingWindowTumbling(AccumulatingAlignedProcessingTimeWindowOperatorTest.java:603)

