https://travis-ci.org/apache/flink/jobs/91941025


Tests run: 7, Failures: 1, Errors: 0, Skipped: 0, Time elapsed: 16.483 sec <<< FAILURE! - in org.apache.flink.runtime.operators.DataSinkTaskTest
testCancelDataSinkTask(org.apache.flink.runtime.operators.DataSinkTaskTest)  Time elapsed: 1.136 sec  <<< FAILURE!
java.lang.AssertionError: Temp output file has not been removed
	at org.junit.Assert.fail(Assert.java:88)
	at org.junit.Assert.assertTrue(Assert.java:41)
	at org.junit.Assert.assertFalse(Assert.java:64)
	at org.apache.flink.runtime.operators.DataSinkTaskTest.testCancelDataSinkTask(DataSinkTaskTest.java:397)

