https://travis-ci.org/apache/flink/jobs/92091437


Tests run: 1, Failures: 1, Errors: 0, Skipped: 0, Time elapsed: 16.09 sec <<< FAILURE! - in org.apache.flink.test.misc.SuccessAfterNetworkBuffersFailureITCase
testSuccessfulProgramAfterFailure(org.apache.flink.test.misc.SuccessAfterNetworkBuffersFailureITCase)  Time elapsed: 16.08 sec  <<< FAILURE!
java.lang.AssertionError: null
	at org.junit.Assert.fail(Assert.java:86)
	at org.junit.Assert.assertTrue(Assert.java:41)
	at org.junit.Assert.assertTrue(Assert.java:52)
	at org.apache.flink.test.misc.SuccessAfterNetworkBuffersFailureITCase.testSuccessfulProgramAfterFailure(SuccessAfterNetworkBuffersFailureITCase.java:72)

