https://travis-ci.org/mjsax/flink/jobs/95439203

Tests run: 14, Failures: 1, Errors: 0, Skipped: 0, Time elapsed: 63.713 sec <<< FAILURE! - in org.apache.flink.runtime.checkpoint.CheckpointCoordinatorTest
testMaxConcurrentAttempsWithSubsumption(org.apache.flink.runtime.checkpoint.CheckpointCoordinatorTest)  Time elapsed: 60.145 sec  <<< FAILURE!
java.lang.AssertionError: null
	at org.junit.Assert.fail(Assert.java:86)
	at org.junit.Assert.assertTrue(Assert.java:41)
	at org.junit.Assert.assertNotNull(Assert.java:621)
	at org.junit.Assert.assertNotNull(Assert.java:631)
	at org.apache.flink.runtime.checkpoint.CheckpointCoordinatorTest.testMaxConcurrentAttempsWithSubsumption(CheckpointCoordinatorTest.java:946)

