https://travis-ci.org/apache/flink/jobs/96981797

Tests run: 16, Failures: 1, Errors: 0, Skipped: 0, Time elapsed: 126.278 sec <<< FAILURE! - in org.apache.flink.streaming.connectors.kafka.KafkaITCase
testOffsetAutocommitTest(org.apache.flink.streaming.connectors.kafka.KafkaITCase)  Time elapsed: 12.735 sec  <<< FAILURE!
java.lang.AssertionError: Offset of o1=-915623761776 was not in range
	at org.junit.Assert.fail(Assert.java:88)
	at org.junit.Assert.assertTrue(Assert.java:41)
	at org.apache.flink.streaming.connectors.kafka.KafkaConsumerTestBase.runOffsetAutocommitTest(KafkaConsumerTestBase.java:333)
	at org.apache.flink.streaming.connectors.kafka.KafkaITCase.testOffsetAutocommitTest(KafkaITCase.java:56)

Results :

Failed tests: 
KafkaITCase.testOffsetAutocommitTest:56->KafkaConsumerTestBase.runOffsetAutocommitTest:333 Offset of o1=-915623761776 was not in range

