

testLocalFlinkMiniClusterWithMultipleTaskManagers(org.apache.flink.test.runtime.minicluster.LocalFlinkMiniClusterITCase)  Time elapsed: 11.022 sec  <<< FAILURE!
java.lang.AssertionError: assertion failed: expected 3, found 2
	at scala.Predef$.assert(Predef.scala:179)
	at akka.testkit.TestKitBase$class.expectMsg_internal(TestKit.scala:339)
	at akka.testkit.TestKitBase$class.expectMsg(TestKit.scala:324)
	at akka.testkit.TestKit.expectMsg(TestKit.scala:718)
	at akka.testkit.JavaTestKit.expectMsgEquals(JavaTestKit.java:389)
	at org.apache.flink.test.runtime.minicluster.LocalFlinkMiniClusterITCase$1$1.run(LocalFlinkMiniClusterITCase.java:78)
	at akka.testkit.JavaTestKit$Within$1.apply(JavaTestKit.java:232)
	at akka.testkit.TestKitBase$class.within(TestKit.scala:296)
	at akka.testkit.TestKit.within(TestKit.scala:718)
	at akka.testkit.TestKitBase$class.within(TestKit.scala:310)
	at akka.testkit.TestKit.within(TestKit.scala:718)
	at akka.testkit.JavaTestKit$Within.<init>(JavaTestKit.java:230)
	at org.apache.flink.test.runtime.minicluster.LocalFlinkMiniClusterITCase$1$1.<init>(LocalFlinkMiniClusterITCase.java:70)
	at org.apache.flink.test.runtime.minicluster.LocalFlinkMiniClusterITCase$1.<init>(LocalFlinkMiniClusterITCase.java:70)
	at org.apache.flink.test.runtime.minicluster.LocalFlinkMiniClusterITCase.testLocalFlinkMiniClusterWithMultipleTaskManagers(LocalFlinkMiniClusterITCase.java:67)


LocalFlinkMiniClusterITCase.testLocalFlinkMiniClusterWithMultipleTaskManagers:67 assertion failed: expected 3, found 2



https://s3.amazonaws.com/archive.travis-ci.org/jobs/106868167/log.txt