org.apache.flink.streaming.connectors.kafka.internals.ZookeeperOffsetHandlerTest  Time elapsed: 0.351 sec  <<< FAILURE!
java.lang.AssertionError: cannot create kafka temp dir
        at org.junit.Assert.fail(Assert.java:88)
        at org.junit.Assert.assertTrue(Assert.java:41)
        at org.apache.flink.streaming.connectors.kafka.KafkaTestEnvironmentImpl.prepare(KafkaTestEnvironmentImpl.java:139)
        at org.apache.flink.streaming.connectors.kafka.KafkaTestBase.prepare(KafkaTestBase.java:97)
        at sun.reflect.NativeMethodAccessorImpl.invoke0(Native Method)
        at sun.reflect.NativeMethodAccessorImpl.invoke(NativeMethodAccessorImpl.java:62)
        at sun.reflect.DelegatingMethodAccessorImpl.invoke(DelegatingMethodAccessorImpl.java:43)
        at java.lang.reflect.Method.invoke(Method.java:483)
        at org.junit.runners.model.FrameworkMethod$1.runReflectiveCall(FrameworkMethod.java:47)
        at org.junit.internal.runners.model.ReflectiveCallable.run(ReflectiveCallable.java:12)
        at org.junit.runners.model.FrameworkMethod.invokeExplosively(FrameworkMethod.java:44)
        at org.junit.internal.runners.statements.RunBefores.evaluate(RunBefores.java:24)
        at org.junit.internal.runners.statements.RunAfters.evaluate(RunAfters.java:27)
        at org.junit.runners.ParentRunner.run(ParentRunner.java:309)
        at org.apache.maven.surefire.junit4.JUnit4Provider.execute(JUnit4Provider.java:283)
        at org.apache.maven.surefire.junit4.JUnit4Provider.executeWithRerun(JUnit4Provider.java:173)
        at org.apache.maven.surefire.junit4.JUnit4Provider.executeTestSet(JUnit4Provider.java:153)
        at org.apache.maven.surefire.junit4.JUnit4Provider.invoke(JUnit4Provider.java:128)
        at org.apache.maven.surefire.booter.ForkedBooter.invokeProviderInSameClassLoader(ForkedBooter.java:203)
        at org.apache.maven.surefire.booter.ForkedBooter.runSuitesInProcess(ForkedBooter.java:155)
        at org.apache.maven.surefire.booter.ForkedBooter.main(ForkedBooter.java:103)

org.apache.flink.streaming.connectors.kafka.internals.ZookeeperOffsetHandlerTest  Time elapsed: 0.352 sec  <<< ERROR!
java.lang.NullPointerException: null
        at org.apache.flink.streaming.connectors.kafka.KafkaTestEnvironmentImpl.shutdown(KafkaTestEnvironmentImpl.java:187)
        at org.apache.flink.streaming.connectors.kafka.KafkaTestBase.shutDownServices(KafkaTestBase.java:127)
        at sun.reflect.NativeMethodAccessorImpl.invoke0(Native Method)
        at sun.reflect.NativeMethodAccessorImpl.invoke(NativeMethodAccessorImpl.java:62)
        at sun.reflect.DelegatingMethodAccessorImpl.invoke(DelegatingMethodAccessorImpl.java:43)
        at java.lang.reflect.Method.invoke(Method.java:483)
        at org.junit.runners.model.FrameworkMethod$1.runReflectiveCall(FrameworkMethod.java:47)
        at org.junit.internal.runners.model.ReflectiveCallable.run(ReflectiveCallable.java:12)
        at org.junit.runners.model.FrameworkMethod.invokeExplosively(FrameworkMethod.java:44)
        at org.junit.internal.runners.statements.RunAfters.evaluate(RunAfters.java:33)
        at org.junit.runners.ParentRunner.run(ParentRunner.java:309)
        at org.apache.maven.surefire.junit4.JUnit4Provider.execute(JUnit4Provider.java:283)
        at org.apache.maven.surefire.junit4.JUnit4Provider.executeWithRerun(JUnit4Provider.java:173)
        at org.apache.maven.surefire.junit4.JUnit4Provider.executeTestSet(JUnit4Provider.java:153)
        at org.apache.maven.surefire.junit4.JUnit4Provider.invoke(JUnit4Provider.java:128)
        at org.apache.maven.surefire.booter.ForkedBooter.invokeProviderInSameClassLoader(ForkedBooter.java:203)
        at org.apache.maven.surefire.booter.ForkedBooter.runSuitesInProcess(ForkedBooter.java:155)
        at org.apache.maven.surefire.booter.ForkedBooter.main(ForkedBooter.java:103)