The test failed with this output:


Tests run: 11, Failures: 2, Errors: 0, Skipped: 0, Time elapsed: 240.854 sec <<< FAILURE! - in org.apache.flink.runtime.executiongraph.ExecutionGraphRestartTest
testRestartAutomatically(org.apache.flink.runtime.executiongraph.ExecutionGraphRestartTest)  Time elapsed: 120.085 sec  <<< FAILURE!
java.lang.AssertionError: expected:<RUNNING> but was:<RESTARTING>
    at org.junit.Assert.fail(Assert.java:88)
    at org.junit.Assert.failNotEquals(Assert.java:743)
    at org.junit.Assert.assertEquals(Assert.java:118)
    at org.junit.Assert.assertEquals(Assert.java:144)
    at org.apache.flink.runtime.executiongraph.ExecutionGraphRestartTest.restartAfterFailure(ExecutionGraphRestartTest.java:806)
    at org.apache.flink.runtime.executiongraph.ExecutionGraphRestartTest.testRestartAutomatically(ExecutionGraphRestartTest.java:210)

testFailingExecutionAfterRestart(org.apache.flink.runtime.executiongraph.ExecutionGraphRestartTest)  Time elapsed: 120.018 sec  <<< FAILURE!
java.lang.AssertionError: expected:<RUNNING> but was:<RESTARTING>
    at org.junit.Assert.fail(Assert.java:88)
    at org.junit.Assert.failNotEquals(Assert.java:743)
    at org.junit.Assert.assertEquals(Assert.java:118)
    at org.junit.Assert.assertEquals(Assert.java:144)
    at org.apache.flink.runtime.executiongraph.ExecutionGraphRestartTest.testFailingExecutionAfterRestart(ExecutionGraphRestartTest.java:530)



Unfortunately, this failed locally so the above output is the only output I have for the failure.