
testSavepointRescalingInPartitionedOperatorState(org.apache.flink.test.checkpointing.RescalingITCase)  Time elapsed: 2.761 sec  <<< FAILURE!
java.lang.AssertionError: expected:<24> but was:<72>
	at org.junit.Assert.fail(Assert.java:88)
	at org.junit.Assert.failNotEquals(Assert.java:834)
	at org.junit.Assert.assertEquals(Assert.java:645)
	at org.junit.Assert.assertEquals(Assert.java:631)
	at org.apache.flink.test.checkpointing.RescalingITCase.testSavepointRescalingPartitionedOperatorState(RescalingITCase.java:560)
	at org.apache.flink.test.checkpointing.RescalingITCase.testSavepointRescalingInPartitionedOperatorState(RescalingITCase.java:445)



in https://s3.amazonaws.com/archive.travis-ci.org/jobs/171445547/log.txt