While running mvn clean verify on Linux with commit 3bad77c0ae932a926260b769efb151a89fc309ab.


Tests in error:
  ChainLengthDecreaseTest>AbstractOperatorRestoreTestBase.testMigrationAndRestore:164->AbstractOperatorRestoreTestBase.migrateJob:202 »
  ChainLengthIncreaseTest>AbstractOperatorRestoreTestBase.testMigrationAndRestore:164->AbstractOperatorRestoreTestBase.migrateJob:202 »




Tests run: 2, Failures: 0, Errors: 1, Skipped: 0, Time elapsed: 6.497 sec <<< FAILURE! - in org.apache.flink.test.state.operator.restore.unkeyed.ChainLengthDecreaseTest
testMigrationAndRestore[Migrate Savepoint: nonKeyed-flink1.3](org.apache.flink.test.state.operator.restore.unkeyed.ChainLengthDecreaseTest)  Time elapsed: 0.361 sec  <<< ERROR!
java.lang.Exception: java.lang.Exception: Failed to trigger savepoint.
	at org.apache.flink.test.state.operator.restore.AbstractOperatorRestoreTestBase.migrateJob(AbstractOperatorRestoreTestBase.java:202)
	at org.apache.flink.test.state.operator.restore.AbstractOperatorRestoreTestBase.testMigrationAndRestore(AbstractOperatorRestoreTestBase.java:164)
	at sun.reflect.NativeMethodAccessorImpl.invoke0(Native Method)
	at sun.reflect.NativeMethodAccessorImpl.invoke(NativeMethodAccessorImpl.java:62)
	at sun.reflect.DelegatingMethodAccessorImpl.invoke(DelegatingMethodAccessorImpl.java:43)
	at java.lang.reflect.Method.invoke(Method.java:498)
	at org.junit.runners.model.FrameworkMethod$1.runReflectiveCall(FrameworkMethod.java:50)
	at org.junit.internal.runners.model.ReflectiveCallable.run(ReflectiveCallable.java:12)
	at org.junit.runners.model.FrameworkMethod.invokeExplosively(FrameworkMethod.java:47)
	at org.junit.internal.runners.statements.InvokeMethod.evaluate(InvokeMethod.java:17)
	at org.junit.rules.ExternalResource$1.evaluate(ExternalResource.java:48)
	at org.junit.rules.TestWatcher$1.evaluate(TestWatcher.java:55)
	at org.junit.rules.RunRules.evaluate(RunRules.java:20)
	at org.junit.runners.ParentRunner.runLeaf(ParentRunner.java:325)
	at org.junit.runners.BlockJUnit4ClassRunner.runChild(BlockJUnit4ClassRunner.java:78)
	at org.junit.runners.BlockJUnit4ClassRunner.runChild(BlockJUnit4ClassRunner.java:57)
	at org.junit.runners.ParentRunner$3.run(ParentRunner.java:290)
	at org.junit.runners.ParentRunner$1.schedule(ParentRunner.java:71)
	at org.junit.runners.ParentRunner.runChildren(ParentRunner.java:288)
	at org.junit.runners.ParentRunner.access$000(ParentRunner.java:58)
	at org.junit.runners.ParentRunner$2.evaluate(ParentRunner.java:268)
	at org.junit.runners.ParentRunner.run(ParentRunner.java:363)
	at org.junit.runners.Suite.runChild(Suite.java:128)
	at org.junit.runners.Suite.runChild(Suite.java:27)
	at org.junit.runners.ParentRunner$3.run(ParentRunner.java:290)
	at org.junit.runners.ParentRunner$1.schedule(ParentRunner.java:71)
	at org.junit.runners.ParentRunner.runChildren(ParentRunner.java:288)
	at org.junit.runners.ParentRunner.access$000(ParentRunner.java:58)
	at org.junit.runners.ParentRunner$2.evaluate(ParentRunner.java:268)
	at org.junit.internal.runners.statements.RunBefores.evaluate(RunBefores.java:26)
	at org.junit.internal.runners.statements.RunAfters.evaluate(RunAfters.java:27)
	at org.junit.runners.ParentRunner.run(ParentRunner.java:363)
	at org.apache.maven.surefire.junit4.JUnit4Provider.execute(JUnit4Provider.java:283)
	at org.apache.maven.surefire.junit4.JUnit4Provider.executeWithRerun(JUnit4Provider.java:173)
	at org.apache.maven.surefire.junit4.JUnit4Provider.executeTestSet(JUnit4Provider.java:153)
	at org.apache.maven.surefire.junit4.JUnit4Provider.invoke(JUnit4Provider.java:128)
	at org.apache.maven.surefire.booter.ForkedBooter.invokeProviderInSameClassLoader(ForkedBooter.java:203)
	at org.apache.maven.surefire.booter.ForkedBooter.runSuitesInProcess(ForkedBooter.java:155)
	at org.apache.maven.surefire.booter.ForkedBooter.main(ForkedBooter.java:103)
Caused by: java.lang.Exception: Failed to trigger savepoint.
	at org.apache.flink.runtime.jobmanager.JobManager$$anonfun$handleMessage$1$$anon$6.apply(JobManager.scala:639)
	at org.apache.flink.runtime.jobmanager.JobManager$$anonfun$handleMessage$1$$anon$6.apply(JobManager.scala:629)
	at org.apache.flink.runtime.concurrent.impl.FlinkFuture$5.onComplete(FlinkFuture.java:272)
	at akka.dispatch.OnComplete.internal(Future.scala:247)
	at akka.dispatch.OnComplete.internal(Future.scala:245)
	at akka.dispatch.japi$CallbackBridge.apply(Future.scala:175)
	at akka.dispatch.japi$CallbackBridge.apply(Future.scala:172)
	at scala.concurrent.impl.CallbackRunnable.run(Promise.scala:32)
	at akka.dispatch.BatchingExecutor$AbstractBatch.processBatch(BatchingExecutor.scala:55)
	at akka.dispatch.BatchingExecutor$BlockableBatch$$anonfun$run$1.apply$mcV$sp(BatchingExecutor.scala:91)
	at akka.dispatch.BatchingExecutor$BlockableBatch$$anonfun$run$1.apply(BatchingExecutor.scala:91)
	at akka.dispatch.BatchingExecutor$BlockableBatch$$anonfun$run$1.apply(BatchingExecutor.scala:91)
	at scala.concurrent.BlockContext$.withBlockContext(BlockContext.scala:72)
	at akka.dispatch.BatchingExecutor$BlockableBatch.run(BatchingExecutor.scala:90)
	at akka.dispatch.TaskInvocation.run(AbstractDispatcher.scala:40)
	at akka.dispatch.ForkJoinExecutorConfigurator$AkkaForkJoinTask.exec(AbstractDispatcher.scala:397)
	at scala.concurrent.forkjoin.ForkJoinTask.doExec(ForkJoinTask.java:260)
	at scala.concurrent.forkjoin.ForkJoinPool$WorkQueue.runTask(ForkJoinPool.java:1339)
	at scala.concurrent.forkjoin.ForkJoinPool.runWorker(ForkJoinPool.java:1979)
	at scala.concurrent.forkjoin.ForkJoinWorkerThread.run(ForkJoinWorkerThread.java:107)
Caused by: java.lang.Exception: Checkpoint was declined (tasks not ready)
	at org.apache.flink.runtime.checkpoint.PendingCheckpoint.abortDeclined(PendingCheckpoint.java:510)
	at org.apache.flink.runtime.checkpoint.CheckpointCoordinator.receiveDeclineMessage(CheckpointCoordinator.java:698)
	at org.apache.flink.runtime.jobmanager.JobManager$$anonfun$org$apache$flink$runtime$jobmanager$JobManager$$handleCheckpointMessage$2.apply$mcV$sp(JobManager.scala:1491)
	at org.apache.flink.runtime.jobmanager.JobManager$$anonfun$org$apache$flink$runtime$jobmanager$JobManager$$handleCheckpointMessage$2.apply(JobManager.scala:1490)
	at org.apache.flink.runtime.jobmanager.JobManager$$anonfun$org$apache$flink$runtime$jobmanager$JobManager$$handleCheckpointMessage$2.apply(JobManager.scala:1490)
	at scala.concurrent.impl.Future$PromiseCompletingRunnable.liftedTree1$1(Future.scala:24)
	at scala.concurrent.impl.Future$PromiseCompletingRunnable.run(Future.scala:24)
	at akka.dispatch.TaskInvocation.run(AbstractDispatcher.scala:40)
	at akka.dispatch.ForkJoinExecutorConfigurator$AkkaForkJoinTask.exec(AbstractDispatcher.scala:397)
	at scala.concurrent.forkjoin.ForkJoinTask.doExec(ForkJoinTask.java:260)
	at scala.concurrent.forkjoin.ForkJoinPool$WorkQueue.runTask(ForkJoinPool.java:1339)
	at scala.concurrent.forkjoin.ForkJoinPool.runWorker(ForkJoinPool.java:1979)
	at scala.concurrent.forkjoin.ForkJoinWorkerThread.run(ForkJoinWorkerThread.java:107)

Tests run: 2, Failures: 0, Errors: 1, Skipped: 0, Time elapsed: 6.722 sec <<< FAILURE! - in org.apache.flink.test.state.operator.restore.unkeyed.ChainLengthIncreaseTest
testMigrationAndRestore[Migrate Savepoint: nonKeyed-flink1.3](org.apache.flink.test.state.operator.restore.unkeyed.ChainLengthIncreaseTest)  Time elapsed: 0.458 sec  <<< ERROR!
java.lang.Exception: java.lang.Exception: Failed to trigger savepoint.
	at org.apache.flink.test.state.operator.restore.AbstractOperatorRestoreTestBase.migrateJob(AbstractOperatorRestoreTestBase.java:202)
	at org.apache.flink.test.state.operator.restore.AbstractOperatorRestoreTestBase.testMigrationAndRestore(AbstractOperatorRestoreTestBase.java:164)
	at sun.reflect.NativeMethodAccessorImpl.invoke0(Native Method)
	at sun.reflect.NativeMethodAccessorImpl.invoke(NativeMethodAccessorImpl.java:62)
	at sun.reflect.DelegatingMethodAccessorImpl.invoke(DelegatingMethodAccessorImpl.java:43)
	at java.lang.reflect.Method.invoke(Method.java:498)
	at org.junit.runners.model.FrameworkMethod$1.runReflectiveCall(FrameworkMethod.java:50)
	at org.junit.internal.runners.model.ReflectiveCallable.run(ReflectiveCallable.java:12)
	at org.junit.runners.model.FrameworkMethod.invokeExplosively(FrameworkMethod.java:47)
	at org.junit.internal.runners.statements.InvokeMethod.evaluate(InvokeMethod.java:17)
	at org.junit.rules.ExternalResource$1.evaluate(ExternalResource.java:48)
	at org.junit.rules.TestWatcher$1.evaluate(TestWatcher.java:55)
	at org.junit.rules.RunRules.evaluate(RunRules.java:20)
	at org.junit.runners.ParentRunner.runLeaf(ParentRunner.java:325)
	at org.junit.runners.BlockJUnit4ClassRunner.runChild(BlockJUnit4ClassRunner.java:78)
	at org.junit.runners.BlockJUnit4ClassRunner.runChild(BlockJUnit4ClassRunner.java:57)
	at org.junit.runners.ParentRunner$3.run(ParentRunner.java:290)
	at org.junit.runners.ParentRunner$1.schedule(ParentRunner.java:71)
	at org.junit.runners.ParentRunner.runChildren(ParentRunner.java:288)
	at org.junit.runners.ParentRunner.access$000(ParentRunner.java:58)
	at org.junit.runners.ParentRunner$2.evaluate(ParentRunner.java:268)
	at org.junit.runners.ParentRunner.run(ParentRunner.java:363)
	at org.junit.runners.Suite.runChild(Suite.java:128)
	at org.junit.runners.Suite.runChild(Suite.java:27)
	at org.junit.runners.ParentRunner$3.run(ParentRunner.java:290)
	at org.junit.runners.ParentRunner$1.schedule(ParentRunner.java:71)
	at org.junit.runners.ParentRunner.runChildren(ParentRunner.java:288)
	at org.junit.runners.ParentRunner.access$000(ParentRunner.java:58)
	at org.junit.runners.ParentRunner$2.evaluate(ParentRunner.java:268)
	at org.junit.internal.runners.statements.RunBefores.evaluate(RunBefores.java:26)
	at org.junit.internal.runners.statements.RunAfters.evaluate(RunAfters.java:27)
	at org.junit.runners.ParentRunner.run(ParentRunner.java:363)
	at org.apache.maven.surefire.junit4.JUnit4Provider.execute(JUnit4Provider.java:283)
	at org.apache.maven.surefire.junit4.JUnit4Provider.executeWithRerun(JUnit4Provider.java:173)
	at org.apache.maven.surefire.junit4.JUnit4Provider.executeTestSet(JUnit4Provider.java:153)
	at org.apache.maven.surefire.junit4.JUnit4Provider.invoke(JUnit4Provider.java:128)
	at org.apache.maven.surefire.booter.ForkedBooter.invokeProviderInSameClassLoader(ForkedBooter.java:203)
	at org.apache.maven.surefire.booter.ForkedBooter.runSuitesInProcess(ForkedBooter.java:155)
	at org.apache.maven.surefire.booter.ForkedBooter.main(ForkedBooter.java:103)
Caused by: java.lang.Exception: Failed to trigger savepoint.
	at org.apache.flink.runtime.jobmanager.JobManager$$anonfun$handleMessage$1$$anon$6.apply(JobManager.scala:639)
	at org.apache.flink.runtime.jobmanager.JobManager$$anonfun$handleMessage$1$$anon$6.apply(JobManager.scala:629)
	at org.apache.flink.runtime.concurrent.impl.FlinkFuture$5.onComplete(FlinkFuture.java:272)
	at akka.dispatch.OnComplete.internal(Future.scala:247)
	at akka.dispatch.OnComplete.internal(Future.scala:245)
	at akka.dispatch.japi$CallbackBridge.apply(Future.scala:175)
	at akka.dispatch.japi$CallbackBridge.apply(Future.scala:172)
	at scala.concurrent.impl.CallbackRunnable.run(Promise.scala:32)
	at akka.dispatch.BatchingExecutor$AbstractBatch.processBatch(BatchingExecutor.scala:55)
	at akka.dispatch.BatchingExecutor$BlockableBatch$$anonfun$run$1.apply$mcV$sp(BatchingExecutor.scala:91)
	at akka.dispatch.BatchingExecutor$BlockableBatch$$anonfun$run$1.apply(BatchingExecutor.scala:91)
	at akka.dispatch.BatchingExecutor$BlockableBatch$$anonfun$run$1.apply(BatchingExecutor.scala:91)
	at scala.concurrent.BlockContext$.withBlockContext(BlockContext.scala:72)
	at akka.dispatch.BatchingExecutor$BlockableBatch.run(BatchingExecutor.scala:90)
	at akka.dispatch.TaskInvocation.run(AbstractDispatcher.scala:40)
	at akka.dispatch.ForkJoinExecutorConfigurator$AkkaForkJoinTask.exec(AbstractDispatcher.scala:397)
	at scala.concurrent.forkjoin.ForkJoinTask.doExec(ForkJoinTask.java:260)
	at scala.concurrent.forkjoin.ForkJoinPool$WorkQueue.runTask(ForkJoinPool.java:1339)
	at scala.concurrent.forkjoin.ForkJoinPool.runWorker(ForkJoinPool.java:1979)
	at scala.concurrent.forkjoin.ForkJoinWorkerThread.run(ForkJoinWorkerThread.java:107)
Caused by: java.lang.Exception: Checkpoint was declined (tasks not ready)
	at org.apache.flink.runtime.checkpoint.PendingCheckpoint.abortDeclined(PendingCheckpoint.java:510)
	at org.apache.flink.runtime.checkpoint.CheckpointCoordinator.receiveDeclineMessage(CheckpointCoordinator.java:698)
	at org.apache.flink.runtime.jobmanager.JobManager$$anonfun$org$apache$flink$runtime$jobmanager$JobManager$$handleCheckpointMessage$2.apply$mcV$sp(JobManager.scala:1491)
	at org.apache.flink.runtime.jobmanager.JobManager$$anonfun$org$apache$flink$runtime$jobmanager$JobManager$$handleCheckpointMessage$2.apply(JobManager.scala:1490)
	at org.apache.flink.runtime.jobmanager.JobManager$$anonfun$org$apache$flink$runtime$jobmanager$JobManager$$handleCheckpointMessage$2.apply(JobManager.scala:1490)
	at scala.concurrent.impl.Future$PromiseCompletingRunnable.liftedTree1$1(Future.scala:24)
	at scala.concurrent.impl.Future$PromiseCompletingRunnable.run(Future.scala:24)
	at akka.dispatch.TaskInvocation.run(AbstractDispatcher.scala:40)
	at akka.dispatch.ForkJoinExecutorConfigurator$AkkaForkJoinTask.exec(AbstractDispatcher.scala:397)
	at scala.concurrent.forkjoin.ForkJoinTask.doExec(ForkJoinTask.java:260)
	at scala.concurrent.forkjoin.ForkJoinPool$WorkQueue.runTask(ForkJoinPool.java:1339)
	at scala.concurrent.forkjoin.ForkJoinPool.runWorker(ForkJoinPool.java:1979)
	at scala.concurrent.forkjoin.ForkJoinWorkerThread.run(ForkJoinWorkerThread.java:107)

