https://travis-ci.org/zentol/flink/jobs/337945528



Tests run: 2, Failures: 0, Errors: 1, Skipped: 0, Time elapsed: 0.239 sec <<< FAILURE! - in org.apache.flink.runtime.checkpoint.CheckpointOptionsTest
testSavepoint(org.apache.flink.runtime.checkpoint.CheckpointOptionsTest)  Time elapsed: 0.037 sec  <<< ERROR!
java.lang.IllegalArgumentException: null
	at org.apache.flink.util.Preconditions.checkArgument(Preconditions.java:123)
	at org.apache.flink.runtime.state.CheckpointStorageLocationReference.<init>(CheckpointStorageLocationReference.java:60)
	at org.apache.flink.runtime.checkpoint.CheckpointOptionsTest.testSavepoint(CheckpointOptionsTest.java:55)

