

Running org.apache.flink.test.checkpointing.LocalRecoveryRocksDBFullITCase
Starting null#executeTest.
org.apache.flink.runtime.client.JobExecutionException: java.lang.AssertionError: Window start: 0 end: 100 expected:<4950> but was:<1209>
	at org.apache.flink.runtime.minicluster.MiniCluster.executeJobBlocking(MiniCluster.java:623)
	at org.apache.flink.streaming.util.TestStreamEnvironment.execute(TestStreamEnvironment.java:79)
	at org.apache.flink.test.util.TestUtils.tryExecute(TestUtils.java:35)
	at org.apache.flink.test.checkpointing.AbstractEventTimeWindowCheckpointingITCase.testTumblingTimeWindow(AbstractEventTimeWindowCheckpointingITCase.java:286)
	at org.apache.flink.test.checkpointing.AbstractLocalRecoveryITCase.executeTest(AbstractLocalRecoveryITCase.java:82)
	at org.apache.flink.test.checkpointing.AbstractLocalRecoveryITCase.executeTest(AbstractLocalRecoveryITCase.java:74)
	at sun.reflect.NativeMethodAccessorImpl.invoke0(Native Method)
	at sun.reflect.NativeMethodAccessorImpl.invoke(NativeMethodAccessorImpl.java:62)
	at sun.reflect.DelegatingMethodAccessorImpl.invoke(DelegatingMethodAccessorImpl.java:43)
	at java.lang.reflect.Method.invoke(Method.java:498)
	at org.junit.runners.model.FrameworkMethod$1.runReflectiveCall(FrameworkMethod.java:50)
	at org.junit.internal.runners.model.ReflectiveCallable.run(ReflectiveCallable.java:12)
	at org.junit.runners.model.FrameworkMethod.invokeExplosively(FrameworkMethod.java:47)
	at org.junit.internal.runners.statements.InvokeMethod.evaluate(InvokeMethod.java:17)
	at org.junit.rules.TestWatcher$1.evaluate(TestWatcher.java:55)
	at org.junit.rules.TestWatcher$1.evaluate(TestWatcher.java:55)
	at org.junit.rules.RunRules.evaluate(RunRules.java:20)
	at org.junit.runners.ParentRunner.runLeaf(ParentRunner.java:325)
	at org.junit.runners.BlockJUnit4ClassRunner.runChild(BlockJUnit4ClassRunner.java:78)
	at org.junit.runners.BlockJUnit4ClassRunner.runChild(BlockJUnit4ClassRunner.java:57)
	at org.junit.runners.ParentRunner$3.run(ParentRunner.java:290)
	at org.junit.runners.ParentRunner$1.schedule(ParentRunner.java:71)
	at org.junit.runners.ParentRunner.runChildren(ParentRunner.java:288)
	at org.junit.runners.ParentRunner.access$000(ParentRunner.java:58)
	at org.junit.runners.ParentRunner$2.evaluate(ParentRunner.java:268)
	at org.junit.runners.ParentRunner.run(ParentRunner.java:363)
	at org.apache.maven.surefire.junit4.JUnit4Provider.execute(JUnit4Provider.java:283)
	at org.apache.maven.surefire.junit4.JUnit4Provider.executeWithRerun(JUnit4Provider.java:173)
	at org.apache.maven.surefire.junit4.JUnit4Provider.executeTestSet(JUnit4Provider.java:153)
	at org.apache.maven.surefire.junit4.JUnit4Provider.invoke(JUnit4Provider.java:128)
	at org.apache.maven.surefire.booter.ForkedBooter.invokeProviderInSameClassLoader(ForkedBooter.java:203)
	at org.apache.maven.surefire.booter.ForkedBooter.runSuitesInProcess(ForkedBooter.java:155)
	at org.apache.maven.surefire.booter.ForkedBooter.main(ForkedBooter.java:103)
Caused by: java.lang.AssertionError: Window start: 0 end: 100 expected:<4950> but was:<1209>
	at org.junit.Assert.fail(Assert.java:88)
	at org.junit.Assert.failNotEquals(Assert.java:834)
	at org.junit.Assert.assertEquals(Assert.java:645)
	at org.apache.flink.test.checkpointing.AbstractEventTimeWindowCheckpointingITCase$ValidatingSink.invoke(AbstractEventTimeWindowCheckpointingITCase.java:733)
	at org.apache.flink.test.checkpointing.AbstractEventTimeWindowCheckpointingITCase$ValidatingSink.invoke(AbstractEventTimeWindowCheckpointingITCase.java:669)
	at org.apache.flink.streaming.api.functions.sink.SinkFunction.invoke(SinkFunction.java:52)
	at org.apache.flink.streaming.api.operators.StreamSink.processElement(StreamSink.java:56)
	at org.apache.flink.streaming.runtime.io.StreamInputProcessor.processInput(StreamInputProcessor.java:202)
	at org.apache.flink.streaming.runtime.tasks.OneInputStreamTask.run(OneInputStreamTask.java:104)
	at org.apache.flink.streaming.runtime.tasks.StreamTask.invoke(StreamTask.java:300)
	at org.apache.flink.runtime.taskmanager.Task.run(Task.java:702)
	at java.lang.Thread.run(Thread.java:748)



https://travis-ci.org/NicoK/flink/jobs/400323147