https://api.travis-ci.org/v3/job/405843617/log.txt

Tests run: 1, Failures: 0, Errors: 1, Skipped: 0, Time elapsed: 124.598 sec <<< FAILURE! - in org.apache.flink.test.checkpointing.ZooKeeperHighAvailabilityITCase
 testRestoreBehaviourWithFaultyStateHandles(org.apache.flink.test.checkpointing.ZooKeeperHighAvailabilityITCase) Time elapsed: 120.036 sec <<< ERROR!
 org.junit.runners.model.TestTimedOutException: test timed out after 120000 milliseconds
 at sun.misc.Unsafe.park(Native Method)
 at java.util.concurrent.locks.LockSupport.park(LockSupport.java:175)
 at java.util.concurrent.CompletableFuture$Signaller.block(CompletableFuture.java:1693)
 at java.util.concurrent.ForkJoinPool.managedBlock(ForkJoinPool.java:3323)
 at java.util.concurrent.CompletableFuture.waitingGet(CompletableFuture.java:1729)
 at java.util.concurrent.CompletableFuture.get(CompletableFuture.java:1895)
 at org.apache.flink.test.checkpointing.ZooKeeperHighAvailabilityITCase.testRestoreBehaviourWithFaultyStateHandles(ZooKeeperHighAvailabilityITCase.java:244)

Results :

Tests in error: 
 ZooKeeperHighAvailabilityITCase.testRestoreBehaviourWithFaultyStateHandles:244 Â» TestTimedOut

Tests run: 1453, Failures: 0, Errors: 1, Skipped: 29