https://travis-ci.org/zentol/flink/jobs/407021898


Tests run: 1, Failures: 1, Errors: 0, Skipped: 0, Time elapsed: 13.082 sec <<< FAILURE! - in org.apache.flink.streaming.connectors.fs.bucketing.BucketingSinkFaultToleranceITCase
runCheckpointedProgram(org.apache.flink.streaming.connectors.fs.bucketing.BucketingSinkFaultToleranceITCase)  Time elapsed: 5.696 sec  <<< FAILURE!
java.lang.AssertionError: Read line does not match expected pattern.
	at org.junit.Assert.fail(Assert.java:88)
	at org.apache.flink.streaming.connectors.fs.bucketing.BucketingSinkFaultToleranceITCase.postSubmit(BucketingSinkFaultToleranceITCase.java:182)

