FractionalReplicationTest#testAddWithForbiddenAttrInRDNExclude() and FractionalReplicationTest#testIncludePrecommit() randomly fail with:

Failure Cause:  java.lang.AssertionError: 
Expecting:
 <false>
to be equal to:
 <true>
but was not.
    org.opends.server.replication.plugin.FractionalReplicationTest.lambda$createFakeReplicationDomain$0(FractionalReplicationTest.java:314)
    org.opends.server.util.TestTimer$SteppingTimer.lambda$repeatUntilSuccess$0(TestTimer.java:309)
    org.opends.server.util.TestTimer$SteppingTimer.repeatUntilSuccess(TestTimer.java:278)
    org.opends.server.util.TestTimer$SteppingTimer.repeatUntilSuccess(TestTimer.java:308)
    org.opends.server.util.TestTimer$SteppingTimer.repeatUntilSuccess(TestTimer.java:301)
    org.opends.server.replication.plugin.FractionalReplicationTest.createFakeReplicationDomain(FractionalReplicationTest.java:313)
    org.opends.server.replication.plugin.FractionalReplicationTest.testAddWithForbiddenAttrInRDNExclude(FractionalReplicationTest.java:859)



and:


Failure Cause:  java.lang.AssertionError: 
Expecting:
 <false>
to be equal to:
 <true>
but was not.
    org.opends.server.replication.plugin.FractionalReplicationTest.lambda$createFakeReplicationDomain$0(FractionalReplicationTest.java:316)
    org.opends.server.util.TestTimer$SteppingTimer.lambda$repeatUntilSuccess$0(TestTimer.java:309)
    org.opends.server.util.TestTimer$SteppingTimer.repeatUntilSuccess(TestTimer.java:278)
    org.opends.server.util.TestTimer$SteppingTimer.repeatUntilSuccess(TestTimer.java:308)
    org.opends.server.util.TestTimer$SteppingTimer.repeatUntilSuccess(TestTimer.java:301)
    org.opends.server.replication.plugin.FractionalReplicationTest.createFakeReplicationDomain(FractionalReplicationTest.java:315)
    org.opends.server.replication.plugin.FractionalReplicationTest.testInclude(FractionalReplicationTest.java:286)
    org.opends.server.replication.plugin.FractionalReplicationTest.testIncludePrecommit(FractionalReplicationTest.java:257)
parameter[0]: 1
parameter[1]: inetOrgPerson
parameter[2]: [Ljava.lang.String;@569e1276



Acceptance criteria

This task can be closed once the randomness in these tests have been identified and fixed.