Failed here: https://github.com/hazelcast/hazelcast/pull/16961#issuecomment-625114772


The job `Hazelcast-pr-builder` of your PR failed ([log](
https://j-artifacts.s3.amazonaws.com/Hazelcast-pr-builder/572/build_log.txt), [artifacts](https://j-artifacts.s3.amazonaws.com/Hazelcast-pr-builder/572/Hazelcast-pr-builder-572.zip)). 
Through arcane magic we have determined that the following fragments from the build log may contain information about the problem.
<details>
<summary>Click to expand the log file</summary>
<pre>
--------------------------
-------TEST FAILURE-------
--------------------------
[INFO] Results:
[INFO] 
[ERROR] Failures: 
[ERROR]   ClientCacheEventJournalBasicTest>AbstractEventJournalBasicTest.allowReadingWithFutureSeq:512->HazelcastTestSupport.assertOpenEventually:1108->HazelcastTestSupport.assertOpenEventually:1123 CountDownLatch failed to complete within 30 seconds, count left: 1
[INFO] 
[ERROR] Tests run: 27737, Failures: 1, Errors: 0, Skipped: 1001
[INFO] 

[ERROR] There are test failures.
</details>
</pre>