# JRE version: Java(TM) SE Runtime Environment (8.0_201-b09) (build 1.8.0_201-b09)
# Java VM: Java HotSpot(TM) 64-Bit Server VM (25.201-b09 mixed mode linux-amd64 compressed oops)
Heap:
 PSYoungGen      total 692736K, used 324242K [0x00000000d5580000, 0x0000000100000000, 0x0000000100000000)
  eden space 687104K, 47% used [0x00000000d5580000,0x00000000e91fca90,0x00000000ff480000)
  from space 5632K, 2% used [0x00000000ff480000,0x00000000ff4a8000,0x00000000ffa00000)
  to   space 5632K, 0% used [0x00000000ffa80000,0x00000000ffa80000,0x0000000100000000)
 ParOldGen       total 1398272K, used 361290K [0x0000000080000000, 0x00000000d5580000, 0x00000000d5580000)
  object space 1398272K, 25% used [0x0000000080000000,0x00000000960d2958,0x00000000d5580000)
 Metaspace       used 36457K, capacity 39626K, committed 39936K, reserved 1083392K
  class space    used 4648K, capacity 5294K, committed 5376K, reserved 1048576K
GC Heap History (10 events):
Event: 138.971 GC heap before
{Heap before GC invocations=327 (full 2):
 PSYoungGen      total 691200K, used 683104K [0x00000000d5580000, 0x0000000100000000, 0x0000000100000000)
  eden space 683008K, 100% used [0x00000000d5580000,0x00000000ff080000,0x00000000ff080000)
  from space 8192K, 1% used [0x00000000ff800000,0x00000000ff818000,0x0000000100000000)
  to   space 7680K, 0% used [0x00000000ff080000,0x00000000ff080000,0x00000000ff800000)
 ParOldGen       total 1398272K, used 361186K [0x0000000080000000, 0x00000000d5580000, 0x00000000d5580000)
  object space 1398272K, 25% used [0x0000000080000000,0x00000000960b8958,0x00000000d5580000)
 Metaspace       used 36457K, capacity 39626K, committed 39936K, reserved 1083392K
  class space    used 4648K, capacity 5294K, committed 5376K, reserved 1048576K
Event: 138.974 GC heap after
Heap after GC invocations=327 (full 2):
 PSYoungGen      total 690688K, used 96K [0x00000000d5580000, 0x0000000100000000, 0x0000000100000000)
  eden space 683008K, 0% used [0x00000000d5580000,0x00000000d5580000,0x00000000ff080000)
  from space 7680K, 1% used [0x00000000ff080000,0x00000000ff098000,0x00000000ff800000)
  to   space 7168K, 0% used [0x00000000ff900000,0x00000000ff900000,0x0000000100000000)
 ParOldGen       total 1398272K, used 361194K [0x0000000080000000, 0x00000000d5580000, 0x00000000d5580000)
  object space 1398272K, 25% used [0x0000000080000000,0x00000000960ba958,0x00000000d5580000)
 Metaspace       used 36457K, capacity 39626K, committed 39936K, reserved 1083392K
  class space    used 4648K, capacity 5294K, committed 5376K, reserved 1048576K
}
Event: 139.399 GC heap before
{Heap before GC invocations=328 (full 2):
 PSYoungGen      total 690688K, used 683104K [0x00000000d5580000, 0x0000000100000000, 0x0000000100000000)
  eden space 683008K, 100% used [0x00000000d5580000,0x00000000ff080000,0x00000000ff080000)
  from space 7680K, 1% used [0x00000000ff080000,0x00000000ff098000,0x00000000ff800000)
  to   space 7168K, 0% used [0x00000000ff900000,0x00000000ff900000,0x0000000100000000)
 ParOldGen       total 1398272K, used 361194K [0x0000000080000000, 0x00000000d5580000, 0x00000000d5580000)
  object space 1398272K, 25% used [0x0000000080000000,0x00000000960ba958,0x00000000d5580000)
 Metaspace       used 36457K, capacity 39626K, committed 39936K, reserved 1083392K
  class space    used 4648K, capacity 5294K, committed 5376K, reserved 1048576K
Event: 139.403 GC heap after
Heap after GC invocations=328 (full 2):
 PSYoungGen      total 692224K, used 128K [0x00000000d5580000, 0x0000000100000000, 0x0000000100000000)
  eden space 685056K, 0% used [0x00000000d5580000,0x00000000d5580000,0x00000000ff280000)
  from space 7168K, 1% used [0x00000000ff900000,0x00000000ff920000,0x0000000100000000)
  to   space 6656K, 0% used [0x00000000ff280000,0x00000000ff280000,0x00000000ff900000)
 ParOldGen       total 1398272K, used 361218K [0x0000000080000000, 0x00000000d5580000, 0x00000000d5580000)
  object space 1398272K, 25% used [0x0000000080000000,0x00000000960c0958,0x00000000d5580000)
 Metaspace       used 36457K, capacity 39626K, committed 39936K, reserved 1083392K
  class space    used 4648K, capacity 5294K, committed 5376K, reserved 1048576K
}
Event: 139.683 GC heap before
{Heap before GC invocations=329 (full 2):
 PSYoungGen      total 692224K, used 685184K [0x00000000d5580000, 0x0000000100000000, 0x0000000100000000)
  eden space 685056K, 100% used [0x00000000d5580000,0x00000000ff280000,0x00000000ff280000)
  from space 7168K, 1% used [0x00000000ff900000,0x00000000ff920000,0x0000000100000000)
  to   space 6656K, 0% used [0x00000000ff280000,0x00000000ff280000,0x00000000ff900000)
 ParOldGen       total 1398272K, used 361218K [0x0000000080000000, 0x00000000d5580000, 0x00000000d5580000)
  object space 1398272K, 25% used [0x0000000080000000,0x00000000960c0958,0x00000000d5580000)
 Metaspace       used 36457K, capacity 39626K, committed 39936K, reserved 1083392K
  class space    used 4648K, capacity 5294K, committed 5376K, reserved 1048576K
Event: 139.686 GC heap after
Heap after GC invocations=329 (full 2):
 PSYoungGen      total 691712K, used 160K [0x00000000d5580000, 0x0000000100000000, 0x0000000100000000)
  eden space 685056K, 0% used [0x00000000d5580000,0x00000000d5580000,0x00000000ff280000)
  from space 6656K, 2% used [0x00000000ff280000,0x00000000ff2a8000,0x00000000ff900000)
  to   space 6144K, 0% used [0x00000000ffa00000,0x00000000ffa00000,0x0000000100000000)
 ParOldGen       total 1398272K, used 361250K [0x0000000080000000, 0x00000000d5580000, 0x00000000d5580000)
  object space 1398272K, 25% used [0x0000000080000000,0x00000000960c8958,0x00000000d5580000)
 Metaspace       used 36457K, capacity 39626K, committed 39936K, reserved 1083392K
  class space    used 4648K, capacity 5294K, committed 5376K, reserved 1048576K
}
Event: 139.954 GC heap before
{Heap before GC invocations=330 (full 2):
 PSYoungGen      total 691712K, used 685216K [0x00000000d5580000, 0x0000000100000000, 0x0000000100000000)
  eden space 685056K, 100% used [0x00000000d5580000,0x00000000ff280000,0x00000000ff280000)
  from space 6656K, 2% used [0x00000000ff280000,0x00000000ff2a8000,0x00000000ff900000)
  to   space 6144K, 0% used [0x00000000ffa00000,0x00000000ffa00000,0x0000000100000000)
 ParOldGen       total 1398272K, used 361250K [0x0000000080000000, 0x00000000d5580000, 0x00000000d5580000)
  object space 1398272K, 25% used [0x0000000080000000,0x00000000960c8958,0x00000000d5580000)
 Metaspace       used 36457K, capacity 39626K, committed 39936K, reserved 1083392K
  class space    used 4648K, capacity 5294K, committed 5376K, reserved 1048576K
Event: 139.957 GC heap after
Heap after GC invocations=330 (full 2):
 PSYoungGen      total 693248K, used 224K [0x00000000d5580000, 0x0000000100000000, 0x0000000100000000)
  eden space 687104K, 0% used [0x00000000d5580000,0x00000000d5580000,0x00000000ff480000)
  from space 6144K, 3% used [0x00000000ffa00000,0x00000000ffa38000,0x0000000100000000)
  to   space 5632K, 0% used [0x00000000ff480000,0x00000000ff480000,0x00000000ffa00000)
 ParOldGen       total 1398272K, used 361274K [0x0000000080000000, 0x00000000d5580000, 0x00000000d5580000)
  object space 1398272K, 25% used [0x0000000080000000,0x00000000960ce958,0x00000000d5580000)
 Metaspace       used 36457K, capacity 39626K, committed 39936K, reserved 1083392K
  class space    used 4648K, capacity 5294K, committed 5376K, reserved 1048576K
}
Event: 140.210 GC heap before
{Heap before GC invocations=331 (full 2):
 PSYoungGen      total 693248K, used 687328K [0x00000000d5580000, 0x0000000100000000, 0x0000000100000000)
  eden space 687104K, 100% used [0x00000000d5580000,0x00000000ff480000,0x00000000ff480000)
  from space 6144K, 3% used [0x00000000ffa00000,0x00000000ffa38000,0x0000000100000000)
  to   space 5632K, 0% used [0x00000000ff480000,0x00000000ff480000,0x00000000ffa00000)
 ParOldGen       total 1398272K, used 361274K [0x0000000080000000, 0x00000000d5580000, 0x00000000d5580000)
  object space 1398272K, 25% used [0x0000000080000000,0x00000000960ce958,0x00000000d5580000)
 Metaspace       used 36457K, capacity 39626K, committed 39936K, reserved 1083392K
  class space    used 4648K, capacity 5294K, committed 5376K, reserved 1048576K
Event: 140.213 GC heap after
Heap after GC invocations=331 (full 2):
 PSYoungGen      total 692736K, used 160K [0x00000000d5580000, 0x0000000100000000, 0x0000000100000000)
  eden space 687104K, 0% used [0x00000000d5580000,0x00000000d5580000,0x00000000ff480000)
  from space 5632K, 2% used [0x00000000ff480000,0x00000000ff4a8000,0x00000000ffa00000)
  to   space 5632K, 0% used [0x00000000ffa80000,0x00000000ffa80000,0x0000000100000000)
 ParOldGen       total 1398272K, used 361290K [0x0000000080000000, 0x00000000d5580000, 0x00000000d5580000)
  object space 1398272K, 25% used [0x0000000080000000,0x00000000960d2958,0x00000000d5580000)
 Metaspace       used 36457K, capacity 39626K, committed 39936K, reserved 1083392K
  class space    used 4648K, capacity 5294K, committed 5376K, reserved 1048576K
}

