I have updated jdk-9 version of our quality outreach builds then i got this exception from jenkins builds and my local. Here is the java version and detailed exception:

```
12:06:49 java -version
12:06:50 java version "9-ea"
12:06:50 Java(TM) SE Runtime Environment (build 9-ea+111)
12:06:50 Java HotSpot(TM) 64-Bit Server VM (build 9-ea+111, mixed mode)
```

```
[ERROR] Failed to execute goal org.apache.maven.plugins:maven-surefire-plugin:2.18.1:test (default-test) on project hazelcast: Execution default-test of goal org.apache.maven.plugins:maven-surefire-plugin:2.18.1:test failed: There was an error in the forked process
[ERROR] java.lang.NoClassDefFoundError: javax/transaction/SystemException
[ERROR] at java.lang.Class.getDeclaredMethods0(java.base@9-ea/Native Method)
[ERROR] at java.lang.Class.privateGetDeclaredMethods(java.base@9-ea/Class.java:2937)
[ERROR] at java.lang.Class.privateGetMethodRecursive(java.base@9-ea/Class.java:3282)
[ERROR] at java.lang.Class.getMethod0(java.base@9-ea/Class.java:3252)
[ERROR] at java.lang.Class.getMethod(java.base@9-ea/Class.java:1961)
[ERROR] at org.apache.maven.surefire.util.ReflectionUtils.tryGetMethod(ReflectionUtils.java:57)
[ERROR] at org.apache.maven.surefire.common.junit3.JUnit3TestChecker.isSuiteOnly(JUnit3TestChecker.java:64)
[ERROR] at org.apache.maven.surefire.common.junit3.JUnit3TestChecker.isValidJUnit3Test(JUnit3TestChecker.java:59)
[ERROR] at org.apache.maven.surefire.common.junit3.JUnit3TestChecker.accept(JUnit3TestChecker.java:54)
[ERROR] at org.apache.maven.surefire.common.junit4.JUnit4TestChecker.accept(JUnit4TestChecker.java:52)
[ERROR] at org.apache.maven.surefire.common.junit48.JUnit48TestChecker.accept(JUnit48TestChecker.java:50)
[ERROR] at org.apache.maven.surefire.util.DefaultScanResult.applyFilter(DefaultScanResult.java:97)
[ERROR] at org.apache.maven.surefire.junitcore.JUnitCoreProvider.scanClassPath(JUnitCoreProvider.java:210)
[ERROR] at org.apache.maven.surefire.junitcore.JUnitCoreProvider.invoke(JUnitCoreProvider.java:134)
[ERROR] at org.apache.maven.surefire.booter.ForkedBooter.invokeProviderInSameClassLoader(ForkedBooter.java:203)
[ERROR] at org.apache.maven.surefire.booter.ForkedBooter.runSuitesInProcess(ForkedBooter.java:155)
[ERROR] at org.apache.maven.surefire.booter.ForkedBooter.main(ForkedBooter.java:103)
[ERROR] Caused by: java.lang.ClassNotFoundException: javax.transaction.SystemException
[ERROR] at jdk.internal.loader.BuiltinClassLoader.loadClass(java.base@9-ea/BuiltinClassLoader.java:368)
[ERROR] at jdk.internal.loader.ClassLoaders$AppClassLoader.loadClass(java.base@9-ea/ClassLoaders.java:185)
[ERROR] at java.lang.ClassLoader.loadClass(java.base@9-ea/ClassLoader.java:419)
[ERROR] ... 17 more
```

https://hazelcast-l337.ci.cloudbees.com/view/Quality-Outreach/job/Hazelcast-3.x-OpenJDK9-Quality-Outreach/398/console
