kerouac:spring-security giuliano$ gradle --daemon assemble
:buildSrc:clean UP-TO-DATE
:buildSrc:compileJava UP-TO-DATE
:buildSrc:compileGroovy
:buildSrc:processResources
:buildSrc:classes
:buildSrc:jar
:buildSrc:assemble
:buildSrc:compileTestJava UP-TO-DATE
:buildSrc:compileTestGroovy UP-TO-DATE
:buildSrc:processTestResources UP-TO-DATE
:buildSrc:testClasses UP-TO-DATE
:buildSrc:test
:buildSrc:check
:buildSrc:build
AES keysize limited to 128, skipping EncryptorsTests
FAILURE: Build failed with an exception.

Where:
Build file '/Users/giuliano/baynote/src-spring/spring-security/samples/cas/server/casserver.gradle' line: 16


What went wrong:
A problem occurred evaluating project ':spring-security-samples-casserver'.
> Could not resolve all dependencies for configuration ':spring-security-samples-casserver:casServer'.
   > Could not resolve org.jasig.cas:cas-server-webapp:3.4.3.1.
     Required by:
         org.springframework.security:spring-security-samples-casserver:3.2.0.CI-SNAPSHOT
      > Could not GET 'http://repo.springsource.org/libs-snapshot/org/jasig/cas/cas-server-webapp/3.4.3.1/cas-server-webapp-3.4.3.1.pom'. Received status code 401 from server: Unauthorized


Try:
Run with --stacktrace option to get the stack trace. Run with --info or --debug option to get more log output.

BUILD FAILED