running with a clover profile enabled will fail due to cross compilation ordering issues with the hbase-spark module.  



21:07:47 [ERROR] Failed to execute goal org.apache.maven.plugins:maven-compiler-plugin:2.5.1:compile (default-compile) on project hbase-spark: Compilation failure: Compilation failure:

21:07:47 [ERROR] /data/jenkins/workspace/CDH5.7.0-HBase-1.2.0-Clover/hbase-spark/target/clover/src-instrumented/org/apache/hadoop/hbase/spark/example/hbasecontext/JavaHBaseBulkDeleteExample.java:[23,36] error: cannot find symbol

21:07:47 [ERROR] symbol:   class JavaHBaseContext

21:07:47 [ERROR] location: package org.apache.hadoop.hbase.spark

21:07:47 [ERROR] /data/jenkins/workspace/CDH5.7.0-HBase-1.2.0-Clover/hbase-spark/target/clover/src-instrumented/org/apache/hadoop/hbase/spark/example/hbasecontext/JavaHBaseDistributedScan.java:[27,36] error: cannot find symbol

.... (many classes)



Apparently this is a known issue and this page shows a remedy.
 https://confluence.atlassian.com/display/CLOVERKB/Java-+Scala+cross-compilation+error+-+cannot+find+symbol