Recent test runs show that this test is failing with these error messages:



java.lang.AssertionError: expected:<2> but was:<3>

	at org.junit.Assert.fail(Assert.java:88)

	at org.junit.Assert.failNotEquals(Assert.java:834)

	at org.junit.Assert.assertEquals(Assert.java:645)

	at org.junit.Assert.assertEquals(Assert.java:631)

	at org.apache.hadoop.hbase.client.TestAdmin1.testMergeRegions(TestAdmin1.java:1385)



or 



java.lang.AssertionError: expected:<1> but was:<2>

	at org.junit.Assert.fail(Assert.java:88)

	at org.junit.Assert.failNotEquals(Assert.java:834)

	at org.junit.Assert.assertEquals(Assert.java:645)

	at org.junit.Assert.assertEquals(Assert.java:631)

	at org.apache.hadoop.hbase.client.TestAdmin1.testMergeRegions(TestAdmin1.java:1394)



looking at the code this indicates that merge operation did not complete or didn't work.