Spring Boot 1.5 and IO Platform Brussels snapshots have recently moved to Log4J 2.7. As a result (I think) a couple of tests have started to fail:






java.lang.AssertionError




	at org.junit.Assert.fail(Assert.java:86)




	at org.junit.Assert.assertTrue(Assert.java:41)




	at org.junit.Assert.assertNotNull(Assert.java:712)




	at org.junit.Assert.assertNotNull(Assert.java:722)




	at org.springframework.amqp.rabbit.log4j2.test.AmqpAppenderTests.test(AmqpAppenderTests.java:67)




	at sun.reflect.NativeMethodAccessorImpl.invoke0(Native Method)




	at sun.reflect.NativeMethodAccessorImpl.invoke(NativeMethodAccessorImpl.java:62)




	at sun.reflect.DelegatingMethodAccessorImpl.invoke(DelegatingMethodAccessorImpl.java:43)




	at java.lang.reflect.Method.invoke(Method.java:498)




	at org.junit.runners.model.FrameworkMethod$1.runReflectiveCall(FrameworkMethod.java:50)




	at org.junit.internal.runners.model.ReflectiveCallable.run(ReflectiveCallable.java:12)




	at org.junit.runners.model.FrameworkMethod.invokeExplosively(FrameworkMethod.java:47)




	at org.junit.internal.runners.statements.InvokeMethod.evaluate(InvokeMethod.java:17)




	at org.junit.rules.TestWatcher$1.evaluate(TestWatcher.java:55)




	at org.junit.rules.RunRules.evaluate(RunRules.java:20)




	at org.junit.runners.ParentRunner.runLeaf(ParentRunner.java:325)




	at org.junit.runners.BlockJUnit4ClassRunner.runChild(BlockJUnit4ClassRunner.java:78)




	at org.junit.runners.BlockJUnit4ClassRunner.runChild(BlockJUnit4ClassRunner.java:57)




	at org.junit.runners.ParentRunner$3.run(ParentRunner.java:290)




	at org.junit.runners.ParentRunner$1.schedule(ParentRunner.java:71)




	at org.junit.runners.ParentRunner.runChildren(ParentRunner.java:288)




	at org.junit.runners.ParentRunner.access$000(ParentRunner.java:58)




	at org.junit.runners.ParentRunner$2.evaluate(ParentRunner.java:268)




	at org.junit.runners.ParentRunner.run(ParentRunner.java:363)




	at org.gradle.api.internal.tasks.testing.junit.JUnitTestClassExecuter.runTestClass(JUnitTestClassExecuter.java:112)




	at org.gradle.api.internal.tasks.testing.junit.JUnitTestClassExecuter.execute(JUnitTestClassExecuter.java:56)




	at org.gradle.api.internal.tasks.testing.junit.JUnitTestClassProcessor.processTestClass(JUnitTestClassProcessor.java:66)




	at org.gradle.api.internal.tasks.testing.SuiteTestClassProcessor.processTestClass(SuiteTestClassProcessor.java:51)




	at sun.reflect.GeneratedMethodAccessor25.invoke(Unknown Source)




	at sun.reflect.DelegatingMethodAccessorImpl.invoke(DelegatingMethodAccessorImpl.java:43)




	at java.lang.reflect.Method.invoke(Method.java:498)




	at org.gradle.messaging.dispatch.ReflectionDispatch.dispatch(ReflectionDispatch.java:35)




	at org.gradle.messaging.dispatch.ReflectionDispatch.dispatch(ReflectionDispatch.java:24)




	at org.gradle.messaging.dispatch.ContextClassLoaderDispatch.dispatch(ContextClassLoaderDispatch.java:32)




	at org.gradle.messaging.dispatch.ProxyDispatchAdapter$DispatchingInvocationHandler.invoke(ProxyDispatchAdapter.java:93)




	at com.sun.proxy.$Proxy2.processTestClass(Unknown Source)




	at org.gradle.api.internal.tasks.testing.worker.TestWorker.processTestClass(TestWorker.java:109)




	at sun.reflect.GeneratedMethodAccessor24.invoke(Unknown Source)




	at sun.reflect.DelegatingMethodAccessorImpl.invoke(DelegatingMethodAccessorImpl.java:43)




	at java.lang.reflect.Method.invoke(Method.java:498)




	at org.gradle.messaging.dispatch.ReflectionDispatch.dispatch(ReflectionDispatch.java:35)




	at org.gradle.messaging.dispatch.ReflectionDispatch.dispatch(ReflectionDispatch.java:24)




	at org.gradle.messaging.remote.internal.hub.MessageHub$Handler.run(MessageHub.java:364)




	at org.gradle.internal.concurrent.ExecutorPolicy$CatchAndRecordFailures.onExecute(ExecutorPolicy.java:54)




	at org.gradle.internal.concurrent.StoppableExecutorImpl$1.run(StoppableExecutorImpl.java:40)




	at java.util.concurrent.ThreadPoolExecutor.runWorker(ThreadPoolExecutor.java:1142)




	at java.util.concurrent.ThreadPoolExecutor$Worker.run(ThreadPoolExecutor.java:617)




	at java.lang.Thread.run(Thread.java:745)













java.lang.IllegalArgumentException: Target object must not be null




	at org.springframework.util.Assert.notNull(Assert.java:115)




	at org.springframework.beans.AbstractNestablePropertyAccessor.setWrappedInstance(AbstractNestablePropertyAccessor.java:205)




	at org.springframework.beans.AbstractNestablePropertyAccessor.setWrappedInstance(AbstractNestablePropertyAccessor.java:194)




	at org.springframework.beans.AbstractNestablePropertyAccessor.<init>(AbstractNestablePropertyAccessor.java:133)




	at org.springframework.beans.DirectFieldAccessor.<init>(DirectFieldAccessor.java:57)




	at org.springframework.amqp.utils.test.TestUtils.getPropertyValue(TestUtils.java:45)




	at org.springframework.amqp.rabbit.log4j2.test.AmqpAppenderTests.testProperties(AmqpAppenderTests.java:76)




	at sun.reflect.NativeMethodAccessorImpl.invoke0(Native Method)




	at sun.reflect.NativeMethodAccessorImpl.invoke(NativeMethodAccessorImpl.java:62)




	at sun.reflect.DelegatingMethodAccessorImpl.invoke(DelegatingMethodAccessorImpl.java:43)




	at java.lang.reflect.Method.invoke(Method.java:498)




	at org.junit.runners.model.FrameworkMethod$1.runReflectiveCall(FrameworkMethod.java:50)




	at org.junit.internal.runners.model.ReflectiveCallable.run(ReflectiveCallable.java:12)




	at org.junit.runners.model.FrameworkMethod.invokeExplosively(FrameworkMethod.java:47)




	at org.junit.internal.runners.statements.InvokeMethod.evaluate(InvokeMethod.java:17)




	at org.junit.rules.TestWatcher$1.evaluate(TestWatcher.java:55)




	at org.junit.rules.RunRules.evaluate(RunRules.java:20)




	at org.junit.runners.ParentRunner.runLeaf(ParentRunner.java:325)




	at org.junit.runners.BlockJUnit4ClassRunner.runChild(BlockJUnit4ClassRunner.java:78)




	at org.junit.runners.BlockJUnit4ClassRunner.runChild(BlockJUnit4ClassRunner.java:57)




	at org.junit.runners.ParentRunner$3.run(ParentRunner.java:290)




	at org.junit.runners.ParentRunner$1.schedule(ParentRunner.java:71)




	at org.junit.runners.ParentRunner.runChildren(ParentRunner.java:288)




	at org.junit.runners.ParentRunner.access$000(ParentRunner.java:58)




	at org.junit.runners.ParentRunner$2.evaluate(ParentRunner.java:268)




	at org.junit.runners.ParentRunner.run(ParentRunner.java:363)




	at org.gradle.api.internal.tasks.testing.junit.JUnitTestClassExecuter.runTestClass(JUnitTestClassExecuter.java:112)




	at org.gradle.api.internal.tasks.testing.junit.JUnitTestClassExecuter.execute(JUnitTestClassExecuter.java:56)




	at org.gradle.api.internal.tasks.testing.junit.JUnitTestClassProcessor.processTestClass(JUnitTestClassProcessor.java:66)




	at org.gradle.api.internal.tasks.testing.SuiteTestClassProcessor.processTestClass(SuiteTestClassProcessor.java:51)




	at sun.reflect.GeneratedMethodAccessor25.invoke(Unknown Source)




	at sun.reflect.DelegatingMethodAccessorImpl.invoke(DelegatingMethodAccessorImpl.java:43)




	at java.lang.reflect.Method.invoke(Method.java:498)




	at org.gradle.messaging.dispatch.ReflectionDispatch.dispatch(ReflectionDispatch.java:35)




	at org.gradle.messaging.dispatch.ReflectionDispatch.dispatch(ReflectionDispatch.java:24)




	at org.gradle.messaging.dispatch.ContextClassLoaderDispatch.dispatch(ContextClassLoaderDispatch.java:32)




	at org.gradle.messaging.dispatch.ProxyDispatchAdapter$DispatchingInvocationHandler.invoke(ProxyDispatchAdapter.java:93)




	at com.sun.proxy.$Proxy2.processTestClass(Unknown Source)




	at org.gradle.api.internal.tasks.testing.worker.TestWorker.processTestClass(TestWorker.java:109)




	at sun.reflect.GeneratedMethodAccessor24.invoke(Unknown Source)




	at sun.reflect.DelegatingMethodAccessorImpl.invoke(DelegatingMethodAccessorImpl.java:43)




	at java.lang.reflect.Method.invoke(Method.java:498)




	at org.gradle.messaging.dispatch.ReflectionDispatch.dispatch(ReflectionDispatch.java:35)




	at org.gradle.messaging.dispatch.ReflectionDispatch.dispatch(ReflectionDispatch.java:24)




	at org.gradle.messaging.remote.internal.hub.MessageHub$Handler.run(MessageHub.java:364)




	at org.gradle.internal.concurrent.ExecutorPolicy$CatchAndRecordFailures.onExecute(ExecutorPolicy.java:54)




	at org.gradle.internal.concurrent.StoppableExecutorImpl$1.run(StoppableExecutorImpl.java:40)




	at java.util.concurrent.ThreadPoolExecutor.runWorker(ThreadPoolExecutor.java:1142)




	at java.util.concurrent.ThreadPoolExecutor$Worker.run(ThreadPoolExecutor.java:617)




	at java.lang.Thread.run(Thread.java:745)






