### Task List

- [X] Steps to reproduce provided
- [N/A] Stacktrace (if present) provided
- [N/A] Example that reproduces the problem uploaded to Github
- [X] Full description of the issue provided (see below)

### Steps to Reproduce

1. Run command "mn create-federation federation-test -l kotlin --services s1,s2,s3"
```
$ mn create-federation federation-test -l kotlin --services s1,s2,s3
| Federation created at /Users/cab/Documents/Projects/GitHub/federation-test
| Generating Kotlin project...
| Generating Kotlin project...
| Generating Kotlin project...
$
```
2. "cd federation-test" into project folder
3. Run any gradle command
```
$ ./gradlew clean

FAILURE: Build failed with an exception.

* Where:
Build file '/Users/cab/Documents/Projects/GitHub/federation-test/s1/build.gradle' line: 5

* What went wrong:
An exception occurred applying plugin request [id: 'com.github.johnrengelman.shadow', version: '5.0.0']
> Failed to apply plugin [class 'com.github.jengelman.gradle.plugins.shadow.ShadowBasePlugin']
   > This version of Shadow supports Gradle 5.0+ only. Please upgrade.

* Try:
Run with --stacktrace option to get the stack trace. Run with --info or --debug option to get more log output. Run with --scan to get full insights.

* Get more help at https://help.gradle.org

BUILD FAILED in 0s
$
```
4. Fix the Gradle version "vi gradle/wrapper/gradle-wrapper.properties"
5. Run gradle command again
```
$ ./gradlew clean
Downloading https://services.gradle.org/distributions/gradle-5.0-bin.zip
.................................................................................
Unzipping /Users/cab/.gradle/wrapper/dists/gradle-5.0-bin/pu5208521seraqlersebvqk/gradle-5.0-bin.zip to /Users/cab/.gradle/wrapper/dists/gradle-5.0-bin/pu5208521seraqlersebvqk
Set executable permissions for: /Users/cab/.gradle/wrapper/dists/gradle-5.0-bin/pu5208521seraqlersebvqk/gradle-5.0/bin/gradle

FAILURE: Build failed with an exception.

* Where:
Build file '/Users/cab/Documents/Projects/GitHub/federation-test/s1/build.gradle' line: 25

* What went wrong:
A problem occurred evaluating project ':s1'.
> Could not get unknown property 'micronautVersion' for object of type org.gradle.api.internal.artifacts.dsl.dependencies.DefaultDependencyHandler.

* Try:
Run with --stacktrace option to get the stack trace. Run with --info or --debug option to get more log output. Run with --scan to get full insights.

* Get more help at https://help.gradle.org

BUILD FAILED in 16s
$
``` 

### Expected Behaviour

Expected the build to work

### Actual Behaviour

Build failed

- first because the plugin not compatible with used version of Gradle
- second because properties are not set as expected by Gradle

### Environment Information

- **Operating System**: MacOS Mojavy 10.14.6
- **Micronaut Version:** 5.0
- **JDK Version:** 1.8.0_112

### Example Application

- N/A
