Here's the error:

Testcase: testSUMFinal took 0.005 sec
    Caused an ERROR
Caught exception in IntSum.Final [java.lang.Integer]
java.io.IOException: Caught exception in IntSum.Final [java.lang.Integer]
    at org.apache.pig.builtin.IntSum$Final.exec(IntSum.java:90)
    at org.apache.pig.builtin.IntSum$Final.exec(IntSum.java:71)
    at org.apache.pig.test.TestBuiltin.testSUMFinal(TestBuiltin.java:436)
Caused by: java.lang.ClassCastException: java.lang.Integer
    ... 18 more 


